#
# A fatal error has been detected by the Java Runtime Environment:
#
#  EXCEPTION_ACCESS_VIOLATION (0xc0000005) at pc=0x00007ff8cffe6918, pid=7340, tid=4892
#
# JRE version: Java(TM) SE Runtime Environment Oracle GraalVM 21.0.5+9.1 (21.0.5+9) (build 21.0.5+9-LTS-jvmci-23.1-b48)
# Java VM: Java HotSpot(TM) 64-Bit Server VM Oracle GraalVM 21.0.5+9.1 (21.0.5+9-LTS-jvmci-23.1-b48, mixed mode, sharing, tiered, jvmci, jvmci compiler, compressed oops, compressed class ptrs, g1 gc, windows-amd64)
# Problematic frame:
# C  [jdwp.dll+0x26918]
#
# No core dump will be written. Minidumps are not enabled by default on client versions of Windows
#
# If you would like to submit a bug report, please visit:
#   https://bugreport.java.com/bugreport/crash.jsp
# The crash happened outside the Java Virtual Machine in native code.
# See problematic frame for where to report the bug.
#

---------------  S U M M A R Y ------------

Command Line: -XX:ThreadPriorityPolicy=1 -XX:+UnlockExperimentalVMOptions -XX:+EnableJVMCIProduct -XX:-UnlockExperimentalVMOptions -Ddebugger.agent.enable.coroutines=true -Dkotlinx.coroutines.debug.enable.creation.stack.trace=false -Dkotlinx.coroutines.debug.enable.flows.stack.trace=true -Dkotlinx.coroutines.debug.enable.mutable.state.flows.stack.trace=true -agentlib:jdwp=transport=dt_socket,server=n,suspend=y,address=127.0.0.1:63565 -javaagent:C:\Users\ruse\AppData\Local\JetBrains\IdeaIC2024.3\captureAgent\debugger-agent.jar -Dfile.encoding=UTF-8 -Duser.country=US -Duser.language=en -Duser.variant pack.Main

Host: Intel(R) Core(TM) i7-6500U CPU @ 2.50GHz, 4 cores, 7G,  Windows 10 , 64 bit Build 19041 (10.0.19041.5198)
Time: Fri Jan 10 22:31:40 2025 Romance Standard Time elapsed time: 3.545218 seconds (0d 0h 0m 3s)

---------------  T H R E A D  ---------------

Current thread (0x000001e7c5b5b1d0):  JavaThread "main"             [_thread_in_native, id=4892, stack(0x000000245c500000,0x000000245c600000) (1024K)]

Stack: [0x000000245c500000,0x000000245c600000],  sp=0x000000245c5fe9f8,  free space=1018k
Native frames: (J=compiled Java code, j=interpreted, Vv=VM code, C=native code)
C  [jdwp.dll+0x26918]

Java frames: (J=compiled Java code, j=interpreted, Vv=VM code)
j  org.lwjgl.glfw.GLFW.glfwShowWindow(J)V+4
j  pack.windows.Window.init()V+228
j  pack.windows.Window.run()V+23
j  pack.Main.main([Ljava/lang/String;)V+5
v  ~StubRoutines::call_stub 0x000001e7d8f6100d

siginfo: EXCEPTION_ACCESS_VIOLATION (0xc0000005), reading address 0xffffffffffffffff


Registers:
RAX=0x000001efec343230, RBX=0x000001e7c5b6ea90, RCX=0x000001e7c5b5b588, RDX=0x000001e7c5b6ea90
RSP=0x000000245c5fe9f8, RBP=0x0000000000000002, RSI=0x000000245c5feaa0, RDI=0x000001e7c5b5b588
R8 =0x0000000000010002, R9 =0x0000000000000000, R10=0x00007ff8f3250000, R11=0x000000245c5fe9c8
R12=0x0000000000000007, R13=0x000001e7c5b6ea90, R14=0x00007ff8cfff0400, R15=0x0000000000000000
RIP=0x00007ff8cffe6918, EFLAGS=0x0000000000010206


Register to memory mapping:

RAX=0x000001efec343230 points into unknown readable memory: 0x0000000000000000 | 00 00 00 00 00 00 00 00
RBX=0x000001e7c5b6ea90 points into unknown readable memory: 0x0000000088f136c8 | c8 36 f1 88 00 00 00 00
RCX=0x000001e7c5b5b588 points into unknown readable memory: 0x000001efec343230 | 30 32 34 ec ef 01 00 00
RDX=0x000001e7c5b6ea90 points into unknown readable memory: 0x0000000088f136c8 | c8 36 f1 88 00 00 00 00
RSP=0x000000245c5fe9f8 is pointing into the stack for thread: 0x000001e7c5b5b1d0
RBP=0x0000000000000002 is an unknown value
RSI=0x000000245c5feaa0 is pointing into the stack for thread: 0x000001e7c5b5b1d0
RDI=0x000001e7c5b5b588 points into unknown readable memory: 0x000001efec343230 | 30 32 34 ec ef 01 00 00
R8 =0x0000000000010002 is an unknown value
R9 =0x0 is null
R10=0x00007ff8f3250000 VCRUNTIME140.dll
R11=0x000000245c5fe9c8 is pointing into the stack for thread: 0x000001e7c5b5b1d0
R12=0x0000000000000007 is an unknown value
R13=0x000001e7c5b6ea90 points into unknown readable memory: 0x0000000088f136c8 | c8 36 f1 88 00 00 00 00
R14=0x00007ff8cfff0400 jdwp.dll
R15=0x0 is null

Top of Stack: (sp=0x000000245c5fe9f8)
0x000000245c5fe9f8:   00007ff8cffd61bf 000001e7c5b6ea90
0x000000245c5fea08:   000000245c5feaa0 0000000000000000
0x000000245c5fea18:   0000000000000000 000001e7c1064fb8
0x000000245c5fea28:   0000000000000020 000001e7c5b2ec10
0x000000245c5fea38:   00007ff8cfff0428 000001e7c5b5b7a0
0x000000245c5fea48:   00007ff8cffd283f 000001e7c5b6ea90
0x000000245c5fea58:   0000000000000002 000001e7c5b5b588
0x000000245c5fea68:   000001e7c5b6ea98 000001e7e56fc3f0
0x000000245c5fea78:   00007ff8c8445bd5 000001e7c1202348
0x000000245c5fea88:   000001e7e56fc3f0 0000000000000000
0x000000245c5fea98:   0000000bffffffff 0000000000000007
0x000000245c5feaa8:   000001e7c5b6ea90 0000000000000000
0x000000245c5feab8:   000001e7c5b6ea98 0000000000000000
0x000000245c5feac8:   0000000000000000 0000000000000000
0x000000245c5fead8:   0000000000000000 0000000000000000
0x000000245c5feae8:   0000000000000000 0000000000000000
0x000000245c5feaf8:   000001e7c5b5b7a0 000001e781093720
0x000000245c5feb08:   00007ff8c8742607 000001e7c5b6ea98
0x000000245c5feb18:   000001e7e5938430 000001e7c5b5b1d0
0x000000245c5feb28:   00000000000003d8 0000000000000000
0x000000245c5feb38:   000001e7c7cd3b50 000000245c5fecb0
0x000000245c5feb48:   0000000000000005 000001e781093720
0x000000245c5feb58:   00007ff8c8443c72 0000e57e492268db
0x000000245c5feb68:   000001e78061c678 000001e7c5b34f20
0x000000245c5feb78:   000001e7c7cd6d20 000001e7c7cd6d30
0x000000245c5feb88:   000001e7c7cd7108 00000000000003d8
0x000000245c5feb98:   000001e7c5b5b1d0 000001e7c5b5b1d0
0x000000245c5feba8:   000001e7c5b34860 000001e7c5b44b80
0x000000245c5febb8:   000001e7c5b44ba8 000001e7c5b44c68
0x000000245c5febc8:   00000000000000d8 000000245c5febe0
0x000000245c5febd8:   00007ff8c88535f3 000001e7c5b5b1d0
0x000000245c5febe8:   000001e7c5b34860 000001e7c5b44b80 

Instructions: (pc=0x00007ff8cffe6918)
0x00007ff8cffe6818:   05 e3 08 01 00 48 8b 03 48 8b d7 4d 8b 40 30 48
0x00007ff8cffe6828:   8b cb 48 8b 5c 24 30 48 83 c4 20 5f 48 ff a0 00
0x00007ff8cffe6838:   01 00 00 cc 48 89 5c 24 08 57 48 83 ec 20 48 8b
0x00007ff8cffe6848:   f9 e8 f2 ea ff ff 4c 8b 05 ab 08 01 00 48 8b d8
0x00007ff8cffe6858:   41 f6 80 10 02 00 00 02 74 33 41 b8 20 06 00 00
0x00007ff8cffe6868:   48 8d 15 19 c4 00 00 48 8d 0d 8e 5b 00 00 e8 d9
0x00007ff8cffe6878:   48 ff ff 48 8d 15 56 9a 00 00 48 8d 0d 8f 5b 00
0x00007ff8cffe6888:   00 e8 6e 49 ff ff 4c 8b 05 6b 08 01 00 48 8b 03
0x00007ff8cffe6898:   48 8b d7 4d 8b 40 38 48 8b cb 48 8b 5c 24 30 48
0x00007ff8cffe68a8:   83 c4 20 5f 48 ff a0 00 01 00 00 cc 48 89 5c 24
0x00007ff8cffe68b8:   08 57 48 83 ec 20 48 8b f9 e8 7a ea ff ff 48 8b
0x00007ff8cffe68c8:   15 33 08 01 00 48 8b d8 f6 82 10 02 00 00 02 74
0x00007ff8cffe68d8:   2c 41 b8 12 06 00 00 48 8d 15 a2 c3 00 00 48 8d
0x00007ff8cffe68e8:   0d 17 5b 00 00 e8 62 48 ff ff 48 8d 15 f7 6b 00
0x00007ff8cffe68f8:   00 48 8d 0d 18 5b 00 00 e8 f7 48 ff ff 48 8b 03
0x00007ff8cffe6908:   48 8b d7 48 8b cb 48 8b 5c 24 30 48 83 c4 20 5f
0x00007ff8cffe6918:   48 ff a0 50 07 00 00 cc 48 89 5c 24 08 48 89 74
0x00007ff8cffe6928:   24 10 48 89 7c 24 18 41 56 48 83 ec 20 4c 63 f2
0x00007ff8cffe6938:   49 8b d8 48 8b d1 41 8b f9 48 8b cb 4d 8d 46 ff
0x00007ff8cffe6948:   ff 15 22 59 00 00 85 c0 75 3c 41 0f be 44 1e ff
0x00007ff8cffe6958:   3b c7 75 32 49 03 de eb 10 0f be c8 ff 15 f6 58
0x00007ff8cffe6968:   00 00 85 c0 74 09 48 ff c3 8a 03 84 c0 75 ea 80
0x00007ff8cffe6978:   3b 3b 74 12 8b d7 48 8b cb e8 2c 4b 00 00 48 85
0x00007ff8cffe6988:   c0 0f 94 c0 eb 02 32 c0 48 8b 5c 24 30 48 8b 74
0x00007ff8cffe6998:   24 38 48 8b 7c 24 40 48 83 c4 20 41 5e c3 cc cc
0x00007ff8cffe69a8:   0f b6 d1 83 fa 1e 0f 87 83 00 00 00 74 7b 83 fa
0x00007ff8cffe69b8:   07 77 41 74 39 83 ea 01 74 2e 83 ea 01 74 23 83
0x00007ff8cffe69c8:   ea 01 74 18 83 ea 01 74 0d 83 fa 02 0f 85 8a 00
0x00007ff8cffe69d8:   00 00 8d 42 03 c3 b8 04 00 00 00 c3 b8 03 00 00
0x00007ff8cffe69e8:   00 c3 b8 02 00 00 00 c3 b8 01 00 00 00 c3 b8 06
0x00007ff8cffe69f8:   00 00 00 c3 b8 08 00 00 00 2b d0 74 26 83 ea 01
0x00007ff8cffe6a08:   0f 84 88 00 00 00 83 ea 01 74 12 b8 0a 00 00 00 


Stack slot to memory mapping:

stack at sp + 0 slots: 0x00007ff8cffd61bf jdwp.dll
stack at sp + 1 slots: 0x000001e7c5b6ea90 points into unknown readable memory: 0x0000000088f136c8 | c8 36 f1 88 00 00 00 00
stack at sp + 2 slots: 0x000000245c5feaa0 is pointing into the stack for thread: 0x000001e7c5b5b1d0
stack at sp + 3 slots: 0x0 is null
stack at sp + 4 slots: 0x0 is null
stack at sp + 5 slots: 0x000001e7c1064fb8 points into unknown readable memory: 0x000001e7c5b2eba0 | a0 eb b2 c5 e7 01 00 00
stack at sp + 6 slots: 0x0000000000000020 is an unknown value
stack at sp + 7 slots: 0x000001e7c5b2ec10 points into unknown readable memory: 0x8000001200000001 | 01 00 00 00 12 00 00 80


---------------  P R O C E S S  ---------------

Threads class SMR info:
_java_thread_list=0x000001e7e5bc2110, length=15, elements={
0x000001e7c5b5b1d0, 0x000001e7e5688870, 0x000001e7e568a4d0, 0x000001e7e568e2a0,
0x000001e7e56aed00, 0x000001e7e56af750, 0x000001e7e56b01a0, 0x000001e7e56b2f30,
0x000001e7e56b4230, 0x000001e7e5818df0, 0x000001e7e565a7a0, 0x000001e7e597b540,
0x000001e7e598e960, 0x000001e7e598f3e0, 0x000001e7e5bd7040
}

Java Threads: ( => current thread )
=>0x000001e7c5b5b1d0 JavaThread "main"                              [_thread_in_native, id=4892, stack(0x000000245c500000,0x000000245c600000) (1024K)]
  0x000001e7e5688870 JavaThread "Reference Handler"          daemon [_thread_blocked, id=10652, stack(0x000000245cd00000,0x000000245ce00000) (1024K)]
  0x000001e7e568a4d0 JavaThread "Finalizer"                  daemon [_thread_blocked, id=7684, stack(0x000000245ce00000,0x000000245cf00000) (1024K)]
  0x000001e7e568e2a0 JavaThread "Signal Dispatcher"          daemon [_thread_blocked, id=1864, stack(0x000000245cf00000,0x000000245d000000) (1024K)]
  0x000001e7e56aed00 JavaThread "Attach Listener"            daemon [_thread_blocked, id=4148, stack(0x000000245d000000,0x000000245d100000) (1024K)]
  0x000001e7e56af750 JavaThread "Service Thread"             daemon [_thread_blocked, id=11376, stack(0x000000245d100000,0x000000245d200000) (1024K)]
  0x000001e7e56b01a0 JavaThread "Monitor Deflation Thread"   daemon [_thread_blocked, id=14900, stack(0x000000245d200000,0x000000245d300000) (1024K)]
  0x000001e7e56b2f30 JavaThread "JVMCI-native CompilerThread0" daemon [_thread_blocked, id=1540, stack(0x000000245d300000,0x000000245d400000) (1024K)]
  0x000001e7e56b4230 JavaThread "C1 CompilerThread0"         daemon [_thread_blocked, id=5776, stack(0x000000245d400000,0x000000245d500000) (1024K)]
  0x000001e7e5818df0 JavaThread "C1 CompilerThread1"         daemon [_thread_blocked, id=13264, stack(0x000000245d500000,0x000000245d600000) (1024K)]
  0x000001e7e565a7a0 JavaThread "Common-Cleaner"             daemon [_thread_blocked, id=4940, stack(0x000000245d600000,0x000000245d700000) (1024K)]
  0x000001e7e597b540 JavaThread "JDWP Transport Listener: dt_socket" daemon [_thread_blocked, id=6920, stack(0x000000245d700000,0x000000245d800000) (1024K)]
  0x000001e7e598e960 JavaThread "JDWP Event Helper Thread"   daemon [_thread_blocked, id=14312, stack(0x000000245d800000,0x000000245d900000) (1024K)]
  0x000001e7e598f3e0 JavaThread "JDWP Command Reader"        daemon [_thread_in_native, id=13020, stack(0x000000245d900000,0x000000245da00000) (1024K)]
  0x000001e7e5bd7040 JavaThread "Notification Thread"        daemon [_thread_blocked, id=3156, stack(0x000000245da00000,0x000000245db00000) (1024K)]
Total: 15

Other Threads:
  0x000001e7e566be60 VMThread "VM Thread"                           [id=13680, stack(0x000000245cc00000,0x000000245cd00000) (1024K)]
  0x000001e7e5659700 WatcherThread "VM Periodic Task Thread"        [id=6396, stack(0x000000245cb00000,0x000000245cc00000) (1024K)]
  0x000001e7c7d2cbc0 WorkerThread "GC Thread#0"                     [id=10468, stack(0x000000245c600000,0x000000245c700000) (1024K)]
  0x000001e7c12feb80 WorkerThread "GC Thread#1"                     [id=15260, stack(0x000000245e100000,0x000000245e200000) (1024K)]
  0x000001e7c12fef20 WorkerThread "GC Thread#2"                     [id=1876, stack(0x000000245e200000,0x000000245e300000) (1024K)]
  0x000001e7c12fd5c0 WorkerThread "GC Thread#3"                     [id=7048, stack(0x000000245e300000,0x000000245e400000) (1024K)]
  0x000001e7c7d3d6b0 ConcurrentGCThread "G1 Main Marker"            [id=14432, stack(0x000000245c700000,0x000000245c800000) (1024K)]
  0x000001e7c7d3e270 WorkerThread "G1 Conc#0"                       [id=2512, stack(0x000000245c800000,0x000000245c900000) (1024K)]
  0x000001e7e5526880 ConcurrentGCThread "G1 Refine#0"               [id=13708, stack(0x000000245c900000,0x000000245ca00000) (1024K)]
  0x000001e7e55290b0 ConcurrentGCThread "G1 Service"                [id=6840, stack(0x000000245ca00000,0x000000245cb00000) (1024K)]
Total: 10

Threads with active compile tasks:
Total: 0

VM state: not at safepoint (normal execution)

VM Mutex/Monitor currently owned by a thread: None

Heap address: 0x0000000082000000, size: 2016 MB, Compressed Oops mode: 32-bit

CDS archive(s) mapped at: [0x000001e780000000-0x000001e780c90000-0x000001e780c90000), size 13172736, SharedBaseAddress: 0x000001e780000000, ArchiveRelocationMode: 1.
Compressed class space mapped at: 0x000001e781000000-0x000001e7c1000000, reserved size: 1073741824
Narrow klass base: 0x000001e780000000, Narrow klass shift: 0, Narrow klass range: 0x100000000

GC Precious Log:
 CardTable entry size: 512
 Card Set container configuration: InlinePtr #cards 5 size 8 Array Of Cards #cards 12 size 40 Howl #buckets 4 coarsen threshold 1843 Howl Bitmap #cards 512 size 80 coarsen threshold 460 Card regions per heap region 1 cards per card region 2048
 CPUs: 4 total, 4 available
 Memory: 8058M
 Large Page Support: Disabled
 NUMA Support: Disabled
 Compressed Oops: Enabled (32-bit)
 Heap Region Size: 1M
 Heap Min Capacity: 8M
 Heap Initial Capacity: 126M
 Heap Max Capacity: 2016M
 Pre-touch: Disabled
 Parallel Workers: 4
 Concurrent Workers: 1
 Concurrent Refinement Workers: 4
 Periodic GC: Disabled

Heap:
 garbage-first heap   total 129024K, used 11180K [0x0000000082000000, 0x0000000100000000)
  region size 1024K, 11 young (11264K), 2 survivors (2048K)
 Metaspace       used 9123K, committed 9344K, reserved 1114112K
  class space    used 569K, committed 704K, reserved 1048576K

Heap Regions: E=young(eden), S=young(survivor), O=old, HS=humongous(starts), HC=humongous(continues), CS=collection set, F=free, TAMS=top-at-mark-start, PB=parsable bottom
|   0|0x0000000082000000, 0x00000000820eb120, 0x0000000082100000| 91%| O|  |TAMS 0x0000000082000000| PB 0x0000000082000000| Untracked 
|   1|0x0000000082100000, 0x0000000082100000, 0x0000000082200000|  0%| F|  |TAMS 0x0000000082100000| PB 0x0000000082100000| Untracked 
|   2|0x0000000082200000, 0x0000000082200000, 0x0000000082300000|  0%| F|  |TAMS 0x0000000082200000| PB 0x0000000082200000| Untracked 
|   3|0x0000000082300000, 0x0000000082300000, 0x0000000082400000|  0%| F|  |TAMS 0x0000000082300000| PB 0x0000000082300000| Untracked 
|   4|0x0000000082400000, 0x0000000082400000, 0x0000000082500000|  0%| F|  |TAMS 0x0000000082400000| PB 0x0000000082400000| Untracked 
|   5|0x0000000082500000, 0x0000000082500000, 0x0000000082600000|  0%| F|  |TAMS 0x0000000082500000| PB 0x0000000082500000| Untracked 
|   6|0x0000000082600000, 0x0000000082600000, 0x0000000082700000|  0%| F|  |TAMS 0x0000000082600000| PB 0x0000000082600000| Untracked 
|   7|0x0000000082700000, 0x0000000082700000, 0x0000000082800000|  0%| F|  |TAMS 0x0000000082700000| PB 0x0000000082700000| Untracked 
|   8|0x0000000082800000, 0x0000000082800000, 0x0000000082900000|  0%| F|  |TAMS 0x0000000082800000| PB 0x0000000082800000| Untracked 
|   9|0x0000000082900000, 0x0000000082900000, 0x0000000082a00000|  0%| F|  |TAMS 0x0000000082900000| PB 0x0000000082900000| Untracked 
|  10|0x0000000082a00000, 0x0000000082a00000, 0x0000000082b00000|  0%| F|  |TAMS 0x0000000082a00000| PB 0x0000000082a00000| Untracked 
|  11|0x0000000082b00000, 0x0000000082b00000, 0x0000000082c00000|  0%| F|  |TAMS 0x0000000082b00000| PB 0x0000000082b00000| Untracked 
|  12|0x0000000082c00000, 0x0000000082c00000, 0x0000000082d00000|  0%| F|  |TAMS 0x0000000082c00000| PB 0x0000000082c00000| Untracked 
|  13|0x0000000082d00000, 0x0000000082d00000, 0x0000000082e00000|  0%| F|  |TAMS 0x0000000082d00000| PB 0x0000000082d00000| Untracked 
|  14|0x0000000082e00000, 0x0000000082e00000, 0x0000000082f00000|  0%| F|  |TAMS 0x0000000082e00000| PB 0x0000000082e00000| Untracked 
|  15|0x0000000082f00000, 0x0000000082f00000, 0x0000000083000000|  0%| F|  |TAMS 0x0000000082f00000| PB 0x0000000082f00000| Untracked 
|  16|0x0000000083000000, 0x0000000083000000, 0x0000000083100000|  0%| F|  |TAMS 0x0000000083000000| PB 0x0000000083000000| Untracked 
|  17|0x0000000083100000, 0x0000000083100000, 0x0000000083200000|  0%| F|  |TAMS 0x0000000083100000| PB 0x0000000083100000| Untracked 
|  18|0x0000000083200000, 0x0000000083200000, 0x0000000083300000|  0%| F|  |TAMS 0x0000000083200000| PB 0x0000000083200000| Untracked 
|  19|0x0000000083300000, 0x0000000083300000, 0x0000000083400000|  0%| F|  |TAMS 0x0000000083300000| PB 0x0000000083300000| Untracked 
|  20|0x0000000083400000, 0x0000000083400000, 0x0000000083500000|  0%| F|  |TAMS 0x0000000083400000| PB 0x0000000083400000| Untracked 
|  21|0x0000000083500000, 0x0000000083500000, 0x0000000083600000|  0%| F|  |TAMS 0x0000000083500000| PB 0x0000000083500000| Untracked 
|  22|0x0000000083600000, 0x0000000083600000, 0x0000000083700000|  0%| F|  |TAMS 0x0000000083600000| PB 0x0000000083600000| Untracked 
|  23|0x0000000083700000, 0x0000000083700000, 0x0000000083800000|  0%| F|  |TAMS 0x0000000083700000| PB 0x0000000083700000| Untracked 
|  24|0x0000000083800000, 0x0000000083800000, 0x0000000083900000|  0%| F|  |TAMS 0x0000000083800000| PB 0x0000000083800000| Untracked 
|  25|0x0000000083900000, 0x0000000083900000, 0x0000000083a00000|  0%| F|  |TAMS 0x0000000083900000| PB 0x0000000083900000| Untracked 
|  26|0x0000000083a00000, 0x0000000083a00000, 0x0000000083b00000|  0%| F|  |TAMS 0x0000000083a00000| PB 0x0000000083a00000| Untracked 
|  27|0x0000000083b00000, 0x0000000083b00000, 0x0000000083c00000|  0%| F|  |TAMS 0x0000000083b00000| PB 0x0000000083b00000| Untracked 
|  28|0x0000000083c00000, 0x0000000083c00000, 0x0000000083d00000|  0%| F|  |TAMS 0x0000000083c00000| PB 0x0000000083c00000| Untracked 
|  29|0x0000000083d00000, 0x0000000083d00000, 0x0000000083e00000|  0%| F|  |TAMS 0x0000000083d00000| PB 0x0000000083d00000| Untracked 
|  30|0x0000000083e00000, 0x0000000083e00000, 0x0000000083f00000|  0%| F|  |TAMS 0x0000000083e00000| PB 0x0000000083e00000| Untracked 
|  31|0x0000000083f00000, 0x0000000083f00000, 0x0000000084000000|  0%| F|  |TAMS 0x0000000083f00000| PB 0x0000000083f00000| Untracked 
|  32|0x0000000084000000, 0x0000000084000000, 0x0000000084100000|  0%| F|  |TAMS 0x0000000084000000| PB 0x0000000084000000| Untracked 
|  33|0x0000000084100000, 0x0000000084100000, 0x0000000084200000|  0%| F|  |TAMS 0x0000000084100000| PB 0x0000000084100000| Untracked 
|  34|0x0000000084200000, 0x0000000084200000, 0x0000000084300000|  0%| F|  |TAMS 0x0000000084200000| PB 0x0000000084200000| Untracked 
|  35|0x0000000084300000, 0x0000000084300000, 0x0000000084400000|  0%| F|  |TAMS 0x0000000084300000| PB 0x0000000084300000| Untracked 
|  36|0x0000000084400000, 0x0000000084400000, 0x0000000084500000|  0%| F|  |TAMS 0x0000000084400000| PB 0x0000000084400000| Untracked 
|  37|0x0000000084500000, 0x0000000084500000, 0x0000000084600000|  0%| F|  |TAMS 0x0000000084500000| PB 0x0000000084500000| Untracked 
|  38|0x0000000084600000, 0x0000000084600000, 0x0000000084700000|  0%| F|  |TAMS 0x0000000084600000| PB 0x0000000084600000| Untracked 
|  39|0x0000000084700000, 0x0000000084700000, 0x0000000084800000|  0%| F|  |TAMS 0x0000000084700000| PB 0x0000000084700000| Untracked 
|  40|0x0000000084800000, 0x0000000084800000, 0x0000000084900000|  0%| F|  |TAMS 0x0000000084800000| PB 0x0000000084800000| Untracked 
|  41|0x0000000084900000, 0x0000000084900000, 0x0000000084a00000|  0%| F|  |TAMS 0x0000000084900000| PB 0x0000000084900000| Untracked 
|  42|0x0000000084a00000, 0x0000000084a00000, 0x0000000084b00000|  0%| F|  |TAMS 0x0000000084a00000| PB 0x0000000084a00000| Untracked 
|  43|0x0000000084b00000, 0x0000000084b00000, 0x0000000084c00000|  0%| F|  |TAMS 0x0000000084b00000| PB 0x0000000084b00000| Untracked 
|  44|0x0000000084c00000, 0x0000000084c00000, 0x0000000084d00000|  0%| F|  |TAMS 0x0000000084c00000| PB 0x0000000084c00000| Untracked 
|  45|0x0000000084d00000, 0x0000000084d00000, 0x0000000084e00000|  0%| F|  |TAMS 0x0000000084d00000| PB 0x0000000084d00000| Untracked 
|  46|0x0000000084e00000, 0x0000000084e00000, 0x0000000084f00000|  0%| F|  |TAMS 0x0000000084e00000| PB 0x0000000084e00000| Untracked 
|  47|0x0000000084f00000, 0x0000000084f00000, 0x0000000085000000|  0%| F|  |TAMS 0x0000000084f00000| PB 0x0000000084f00000| Untracked 
|  48|0x0000000085000000, 0x0000000085000000, 0x0000000085100000|  0%| F|  |TAMS 0x0000000085000000| PB 0x0000000085000000| Untracked 
|  49|0x0000000085100000, 0x0000000085100000, 0x0000000085200000|  0%| F|  |TAMS 0x0000000085100000| PB 0x0000000085100000| Untracked 
|  50|0x0000000085200000, 0x0000000085200000, 0x0000000085300000|  0%| F|  |TAMS 0x0000000085200000| PB 0x0000000085200000| Untracked 
|  51|0x0000000085300000, 0x0000000085300000, 0x0000000085400000|  0%| F|  |TAMS 0x0000000085300000| PB 0x0000000085300000| Untracked 
|  52|0x0000000085400000, 0x0000000085400000, 0x0000000085500000|  0%| F|  |TAMS 0x0000000085400000| PB 0x0000000085400000| Untracked 
|  53|0x0000000085500000, 0x0000000085500000, 0x0000000085600000|  0%| F|  |TAMS 0x0000000085500000| PB 0x0000000085500000| Untracked 
|  54|0x0000000085600000, 0x0000000085600000, 0x0000000085700000|  0%| F|  |TAMS 0x0000000085600000| PB 0x0000000085600000| Untracked 
|  55|0x0000000085700000, 0x0000000085700000, 0x0000000085800000|  0%| F|  |TAMS 0x0000000085700000| PB 0x0000000085700000| Untracked 
|  56|0x0000000085800000, 0x0000000085800000, 0x0000000085900000|  0%| F|  |TAMS 0x0000000085800000| PB 0x0000000085800000| Untracked 
|  57|0x0000000085900000, 0x0000000085900000, 0x0000000085a00000|  0%| F|  |TAMS 0x0000000085900000| PB 0x0000000085900000| Untracked 
|  58|0x0000000085a00000, 0x0000000085a00000, 0x0000000085b00000|  0%| F|  |TAMS 0x0000000085a00000| PB 0x0000000085a00000| Untracked 
|  59|0x0000000085b00000, 0x0000000085b00000, 0x0000000085c00000|  0%| F|  |TAMS 0x0000000085b00000| PB 0x0000000085b00000| Untracked 
|  60|0x0000000085c00000, 0x0000000085c00000, 0x0000000085d00000|  0%| F|  |TAMS 0x0000000085c00000| PB 0x0000000085c00000| Untracked 
|  61|0x0000000085d00000, 0x0000000085d00000, 0x0000000085e00000|  0%| F|  |TAMS 0x0000000085d00000| PB 0x0000000085d00000| Untracked 
|  62|0x0000000085e00000, 0x0000000085e00000, 0x0000000085f00000|  0%| F|  |TAMS 0x0000000085e00000| PB 0x0000000085e00000| Untracked 
|  63|0x0000000085f00000, 0x0000000085f00000, 0x0000000086000000|  0%| F|  |TAMS 0x0000000085f00000| PB 0x0000000085f00000| Untracked 
|  64|0x0000000086000000, 0x0000000086000000, 0x0000000086100000|  0%| F|  |TAMS 0x0000000086000000| PB 0x0000000086000000| Untracked 
|  65|0x0000000086100000, 0x0000000086100000, 0x0000000086200000|  0%| F|  |TAMS 0x0000000086100000| PB 0x0000000086100000| Untracked 
|  66|0x0000000086200000, 0x0000000086200000, 0x0000000086300000|  0%| F|  |TAMS 0x0000000086200000| PB 0x0000000086200000| Untracked 
|  67|0x0000000086300000, 0x0000000086300000, 0x0000000086400000|  0%| F|  |TAMS 0x0000000086300000| PB 0x0000000086300000| Untracked 
|  68|0x0000000086400000, 0x0000000086400000, 0x0000000086500000|  0%| F|  |TAMS 0x0000000086400000| PB 0x0000000086400000| Untracked 
|  69|0x0000000086500000, 0x0000000086500000, 0x0000000086600000|  0%| F|  |TAMS 0x0000000086500000| PB 0x0000000086500000| Untracked 
|  70|0x0000000086600000, 0x0000000086600000, 0x0000000086700000|  0%| F|  |TAMS 0x0000000086600000| PB 0x0000000086600000| Untracked 
|  71|0x0000000086700000, 0x0000000086700000, 0x0000000086800000|  0%| F|  |TAMS 0x0000000086700000| PB 0x0000000086700000| Untracked 
|  72|0x0000000086800000, 0x0000000086800000, 0x0000000086900000|  0%| F|  |TAMS 0x0000000086800000| PB 0x0000000086800000| Untracked 
|  73|0x0000000086900000, 0x0000000086900000, 0x0000000086a00000|  0%| F|  |TAMS 0x0000000086900000| PB 0x0000000086900000| Untracked 
|  74|0x0000000086a00000, 0x0000000086a00000, 0x0000000086b00000|  0%| F|  |TAMS 0x0000000086a00000| PB 0x0000000086a00000| Untracked 
|  75|0x0000000086b00000, 0x0000000086b00000, 0x0000000086c00000|  0%| F|  |TAMS 0x0000000086b00000| PB 0x0000000086b00000| Untracked 
|  76|0x0000000086c00000, 0x0000000086c00000, 0x0000000086d00000|  0%| F|  |TAMS 0x0000000086c00000| PB 0x0000000086c00000| Untracked 
|  77|0x0000000086d00000, 0x0000000086d00000, 0x0000000086e00000|  0%| F|  |TAMS 0x0000000086d00000| PB 0x0000000086d00000| Untracked 
|  78|0x0000000086e00000, 0x0000000086e00000, 0x0000000086f00000|  0%| F|  |TAMS 0x0000000086e00000| PB 0x0000000086e00000| Untracked 
|  79|0x0000000086f00000, 0x0000000086f00000, 0x0000000087000000|  0%| F|  |TAMS 0x0000000086f00000| PB 0x0000000086f00000| Untracked 
|  80|0x0000000087000000, 0x0000000087000000, 0x0000000087100000|  0%| F|  |TAMS 0x0000000087000000| PB 0x0000000087000000| Untracked 
|  81|0x0000000087100000, 0x0000000087100000, 0x0000000087200000|  0%| F|  |TAMS 0x0000000087100000| PB 0x0000000087100000| Untracked 
|  82|0x0000000087200000, 0x0000000087200000, 0x0000000087300000|  0%| F|  |TAMS 0x0000000087200000| PB 0x0000000087200000| Untracked 
|  83|0x0000000087300000, 0x0000000087300000, 0x0000000087400000|  0%| F|  |TAMS 0x0000000087300000| PB 0x0000000087300000| Untracked 
|  84|0x0000000087400000, 0x0000000087400000, 0x0000000087500000|  0%| F|  |TAMS 0x0000000087400000| PB 0x0000000087400000| Untracked 
|  85|0x0000000087500000, 0x0000000087500000, 0x0000000087600000|  0%| F|  |TAMS 0x0000000087500000| PB 0x0000000087500000| Untracked 
|  86|0x0000000087600000, 0x0000000087600000, 0x0000000087700000|  0%| F|  |TAMS 0x0000000087600000| PB 0x0000000087600000| Untracked 
|  87|0x0000000087700000, 0x0000000087700000, 0x0000000087800000|  0%| F|  |TAMS 0x0000000087700000| PB 0x0000000087700000| Untracked 
|  88|0x0000000087800000, 0x0000000087800000, 0x0000000087900000|  0%| F|  |TAMS 0x0000000087800000| PB 0x0000000087800000| Untracked 
|  89|0x0000000087900000, 0x0000000087900000, 0x0000000087a00000|  0%| F|  |TAMS 0x0000000087900000| PB 0x0000000087900000| Untracked 
|  90|0x0000000087a00000, 0x0000000087a00000, 0x0000000087b00000|  0%| F|  |TAMS 0x0000000087a00000| PB 0x0000000087a00000| Untracked 
|  91|0x0000000087b00000, 0x0000000087b00000, 0x0000000087c00000|  0%| F|  |TAMS 0x0000000087b00000| PB 0x0000000087b00000| Untracked 
|  92|0x0000000087c00000, 0x0000000087c00000, 0x0000000087d00000|  0%| F|  |TAMS 0x0000000087c00000| PB 0x0000000087c00000| Untracked 
|  93|0x0000000087d00000, 0x0000000087d00000, 0x0000000087e00000|  0%| F|  |TAMS 0x0000000087d00000| PB 0x0000000087d00000| Untracked 
|  94|0x0000000087e00000, 0x0000000087e00000, 0x0000000087f00000|  0%| F|  |TAMS 0x0000000087e00000| PB 0x0000000087e00000| Untracked 
|  95|0x0000000087f00000, 0x0000000087f00000, 0x0000000088000000|  0%| F|  |TAMS 0x0000000087f00000| PB 0x0000000087f00000| Untracked 
|  96|0x0000000088000000, 0x0000000088000000, 0x0000000088100000|  0%| F|  |TAMS 0x0000000088000000| PB 0x0000000088000000| Untracked 
|  97|0x0000000088100000, 0x0000000088100000, 0x0000000088200000|  0%| F|  |TAMS 0x0000000088100000| PB 0x0000000088100000| Untracked 
|  98|0x0000000088200000, 0x0000000088200000, 0x0000000088300000|  0%| F|  |TAMS 0x0000000088200000| PB 0x0000000088200000| Untracked 
|  99|0x0000000088300000, 0x0000000088300000, 0x0000000088400000|  0%| F|  |TAMS 0x0000000088300000| PB 0x0000000088300000| Untracked 
| 100|0x0000000088400000, 0x0000000088400000, 0x0000000088500000|  0%| F|  |TAMS 0x0000000088400000| PB 0x0000000088400000| Untracked 
| 101|0x0000000088500000, 0x0000000088500000, 0x0000000088600000|  0%| F|  |TAMS 0x0000000088500000| PB 0x0000000088500000| Untracked 
| 102|0x0000000088600000, 0x0000000088600000, 0x0000000088700000|  0%| F|  |TAMS 0x0000000088600000| PB 0x0000000088600000| Untracked 
| 103|0x0000000088700000, 0x0000000088700000, 0x0000000088800000|  0%| F|  |TAMS 0x0000000088700000| PB 0x0000000088700000| Untracked 
| 104|0x0000000088800000, 0x0000000088800000, 0x0000000088900000|  0%| F|  |TAMS 0x0000000088800000| PB 0x0000000088800000| Untracked 
| 105|0x0000000088900000, 0x0000000088900000, 0x0000000088a00000|  0%| F|  |TAMS 0x0000000088900000| PB 0x0000000088900000| Untracked 
| 106|0x0000000088a00000, 0x0000000088a00000, 0x0000000088b00000|  0%| F|  |TAMS 0x0000000088a00000| PB 0x0000000088a00000| Untracked 
| 107|0x0000000088b00000, 0x0000000088b00000, 0x0000000088c00000|  0%| F|  |TAMS 0x0000000088b00000| PB 0x0000000088b00000| Untracked 
| 108|0x0000000088c00000, 0x0000000088c00000, 0x0000000088d00000|  0%| F|  |TAMS 0x0000000088c00000| PB 0x0000000088c00000| Untracked 
| 109|0x0000000088d00000, 0x0000000088d00000, 0x0000000088e00000|  0%| F|  |TAMS 0x0000000088d00000| PB 0x0000000088d00000| Untracked 
| 110|0x0000000088e00000, 0x0000000088e00000, 0x0000000088f00000|  0%| F|  |TAMS 0x0000000088e00000| PB 0x0000000088e00000| Untracked 
| 111|0x0000000088f00000, 0x0000000089000000, 0x0000000089000000|100%| S|CS|TAMS 0x0000000088f00000| PB 0x0000000088f00000| Complete 
| 112|0x0000000089000000, 0x0000000089100000, 0x0000000089100000|100%| S|CS|TAMS 0x0000000089000000| PB 0x0000000089000000| Complete 
| 113|0x0000000089100000, 0x0000000089100000, 0x0000000089200000|  0%| F|  |TAMS 0x0000000089100000| PB 0x0000000089100000| Untracked 
| 114|0x0000000089200000, 0x0000000089200000, 0x0000000089300000|  0%| F|  |TAMS 0x0000000089200000| PB 0x0000000089200000| Untracked 
| 115|0x0000000089300000, 0x0000000089300000, 0x0000000089400000|  0%| F|  |TAMS 0x0000000089300000| PB 0x0000000089300000| Untracked 
| 116|0x0000000089400000, 0x0000000089400000, 0x0000000089500000|  0%| F|  |TAMS 0x0000000089400000| PB 0x0000000089400000| Untracked 
| 117|0x0000000089500000, 0x000000008952df30, 0x0000000089600000| 17%| E|  |TAMS 0x0000000089500000| PB 0x0000000089500000| Complete 
| 118|0x0000000089600000, 0x0000000089700000, 0x0000000089700000|100%| E|CS|TAMS 0x0000000089600000| PB 0x0000000089600000| Complete 
| 119|0x0000000089700000, 0x0000000089800000, 0x0000000089800000|100%| E|CS|TAMS 0x0000000089700000| PB 0x0000000089700000| Complete 
| 120|0x0000000089800000, 0x0000000089900000, 0x0000000089900000|100%| E|CS|TAMS 0x0000000089800000| PB 0x0000000089800000| Complete 
| 121|0x0000000089900000, 0x0000000089a00000, 0x0000000089a00000|100%| E|CS|TAMS 0x0000000089900000| PB 0x0000000089900000| Complete 
| 122|0x0000000089a00000, 0x0000000089b00000, 0x0000000089b00000|100%| E|CS|TAMS 0x0000000089a00000| PB 0x0000000089a00000| Complete 
| 123|0x0000000089b00000, 0x0000000089c00000, 0x0000000089c00000|100%| E|CS|TAMS 0x0000000089b00000| PB 0x0000000089b00000| Complete 
| 124|0x0000000089c00000, 0x0000000089d00000, 0x0000000089d00000|100%| E|CS|TAMS 0x0000000089c00000| PB 0x0000000089c00000| Complete 
| 125|0x0000000089d00000, 0x0000000089e00000, 0x0000000089e00000|100%| E|CS|TAMS 0x0000000089d00000| PB 0x0000000089d00000| Complete 

Card table byte_map: [0x000001e7e0e60000,0x000001e7e1250000] _byte_map_base: 0x000001e7e0a50000

Marking Bits: (CMBitMap*) 0x000001e7c7d2d1d0
 Bits: [0x000001e7e1250000, 0x000001e7e31d0000)

Polling page: 0x000001e7c5cb0000

Metaspace:

Usage:
  Non-class:      8.35 MB used.
      Class:    569.55 KB used.
       Both:      8.91 MB used.

Virtual space:
  Non-class space:       64.00 MB reserved,       8.44 MB ( 13%) committed,  1 nodes.
      Class space:        1.00 GB reserved,     704.00 KB ( <1%) committed,  1 nodes.
             Both:        1.06 GB reserved,       9.12 MB ( <1%) committed. 

Chunk freelists:
   Non-Class:  6.91 MB
       Class:  15.17 MB
        Both:  22.08 MB

MaxMetaspaceSize: unlimited
CompressedClassSpaceSize: 1.00 GB
Initial GC threshold: 21.00 MB
Current GC threshold: 21.00 MB
CDS: on
 - commit_granule_bytes: 65536.
 - commit_granule_words: 8192.
 - virtual_space_node_default_size: 8388608.
 - enlarge_chunks_in_place: 1.
 - use_allocation_guard: 0.


Internal statistics:

num_allocs_failed_limit: 0.
num_arena_births: 100.
num_arena_deaths: 0.
num_vsnodes_births: 2.
num_vsnodes_deaths: 0.
num_space_committed: 144.
num_space_uncommitted: 0.
num_chunks_returned_to_freelist: 0.
num_chunks_taken_from_freelist: 235.
num_chunk_merges: 0.
num_chunk_splits: 169.
num_chunks_enlarged: 124.
num_inconsistent_stats: 0.

CodeHeap 'non-profiled nmethods': size=119744Kb used=336Kb max_used=336Kb free=119407Kb
 bounds [0x000001e7d9580000, 0x000001e7d97f0000, 0x000001e7e0a70000]
CodeHeap 'profiled nmethods': size=119744Kb used=2045Kb max_used=2045Kb free=117698Kb
 bounds [0x000001e7d1a70000, 0x000001e7d1ce0000, 0x000001e7d8f60000]
CodeHeap 'non-nmethods': size=6272Kb used=2699Kb max_used=2705Kb free=3572Kb
 bounds [0x000001e7d8f60000, 0x000001e7d9210000, 0x000001e7d9580000]
 total_blobs=2193 nmethods=1196 adapters=909
 compilation: enabled
              stopped_count=0, restarted_count=0
 full_count=0

JVMCI Events (20 events):
Event: 1.117 Thread 0x000001e7e56b2f30 compacted oop handles in JVMCI runtime 0 from 74 to 73
Event: 1.158 Thread 0x000001e7e56b2f30 compacted oop handles in JVMCI runtime 0 from 138 to 120
Event: 1.189 Thread 0x000001e7e56b2f30 compacted oop handles in JVMCI runtime 0 from 138 to 120
Event: 1.189 Thread 0x000001e7e56b2f30 compacted oop handles in JVMCI runtime 0 from 121 to 63
Event: 1.350 Thread 0x000001e7e56b2f30 compacted oop handles in JVMCI runtime 0 from 69 to 68
Event: 1.379 Thread 0x000001e7e56b2f30 compacted oop handles in JVMCI runtime 0 from 83 to 80
Event: 1.534 Thread 0x000001e7e56b2f30 compacted oop handles in JVMCI runtime 0 from 110 to 92
Event: 2.211 Thread 0x000001e7e56b2f30 compacted oop handles in JVMCI runtime 0 from 111 to 50
Event: 2.329 Thread 0x000001e7e56b2f30 compacted oop handles in JVMCI runtime 0 from 62 to 59
Event: 2.672 Thread 0x000001e7e56b2f30 compacted oop handles in JVMCI runtime 0 from 78 to 76
Event: 2.732 Thread 0x000001e7e56b2f30 compacted oop handles in JVMCI runtime 0 from 80 to 52
Event: 2.796 Thread 0x000001e7e56b2f30 compacted oop handles in JVMCI runtime 0 from 66 to 65
Event: 2.830 Thread 0x000001e7e56b2f30 compacted oop handles in JVMCI runtime 0 from 76 to 72
Event: 3.214 Thread 0x000001e7e56b2f30 compacted oop handles in JVMCI runtime 0 from 85 to 53
Event: 3.258 Thread 0x000001e7e56b2f30 compacted oop handles in JVMCI runtime 0 from 82 to 81
Event: 3.297 Thread 0x000001e7e56b2f30 compacted oop handles in JVMCI runtime 0 from 98 to 97
Event: 3.326 Thread 0x000001e7e56b2f30 compacted oop handles in JVMCI runtime 0 from 107 to 106
Event: 3.449 Thread 0x000001e7e56b2f30 compacted oop handles in JVMCI runtime 0 from 132 to 118
Event: 3.450 Thread 0x000001e7e56b2f30 compacted oop handles in JVMCI runtime 0 from 119 to 81
Event: 3.497 Thread 0x000001e7e56b2f30 compacted oop handles in JVMCI runtime 0 from 94 to 90

Compilation events (20 events):
Event: 3.449 Thread 0x000001e7e56b2f30 1186       4       java.lang.invoke.MethodType$ConcurrentWeakInternSet::get (47 bytes)
Event: 3.478 Thread 0x000001e7e56b4230 1190       3       java.util.ArrayList::get (15 bytes)
Event: 3.479 Thread 0x000001e7e56b4230 nmethod 1190 0x000001e7d1c6b990 code [0x000001e7d1c6bb40, 0x000001e7d1c6bd88]
Event: 3.484 Thread 0x000001e7e56b4230 1191       3       java.lang.invoke.MethodType::insertParameterTypes (121 bytes)
Event: 3.486 Thread 0x000001e7e56b4230 nmethod 1191 0x000001e7d1c6bf10 code [0x000001e7d1c6c200, 0x000001e7d1c6d120]
Event: 3.492 Thread 0x000001e7e5818df0 1193       3       java.lang.invoke.MethodType::genericMethodType (95 bytes)
Event: 3.493 Thread 0x000001e7e5818df0 nmethod 1193 0x000001e7d1c6d710 code [0x000001e7d1c6d9c0, 0x000001e7d1c6e948]
Event: 3.497 Thread 0x000001e7e56b2f30 nmethod 1186 0x000001e7d95d0890 code [0x000001e7d95d0ae0, 0x000001e7d95d2120]
Event: 3.498 Thread 0x000001e7e56b2f30 1192       4       java.lang.invoke.MethodHandle::<init> (37 bytes)
Event: 3.501 Thread 0x000001e7e56b2f30 nmethod 1192 0x000001e7d95d2d10 code [0x000001e7d95d2ea0, 0x000001e7d95d31b0]
Event: 3.502 Thread 0x000001e7e56b2f30 1189       4       java.lang.invoke.BoundMethodHandle::<init> (32 bytes)
Event: 3.506 Thread 0x000001e7e56b2f30 nmethod 1189 0x000001e7d95d3390 code [0x000001e7d95d3520, 0x000001e7d95d3830]
Event: 3.514 Thread 0x000001e7e56b2f30 1194       4       java.util.ImmutableCollections$List12::get (35 bytes)
Event: 3.515 Thread 0x000001e7e56b2f30 nmethod 1194 0x000001e7d95d3a10 code [0x000001e7d95d3b80, 0x000001e7d95d3c40]
Event: 3.519 Thread 0x000001e7e56b2f30 1195   !   4       java.lang.invoke.MemberName::getFieldType (176 bytes)
Event: 3.521 Thread 0x000001e7e56b2f30 nmethod 1195 0x000001e7d95d3d10 code [0x000001e7d95d3e80, 0x000001e7d95d3f70]
Event: 3.526 Thread 0x000001e7e56b4230 1196       3       java.lang.String::startsWith (7 bytes)
Event: 3.526 Thread 0x000001e7e5818df0 1197       3       java.util.Collections$SetFromMap::add (22 bytes)
Event: 3.526 Thread 0x000001e7e56b4230 nmethod 1196 0x000001e7d1c6ed90 code [0x000001e7d1c6ef40, 0x000001e7d1c6f098]
Event: 3.527 Thread 0x000001e7e5818df0 nmethod 1197 0x000001e7d1c6f190 code [0x000001e7d1c6f340, 0x000001e7d1c6f6d8]

GC Heap History (2 events):
Event: 2.631 GC heap before
{Heap before GC invocations=0 (full 0):
 garbage-first heap   total 129024K, used 13312K [0x0000000082000000, 0x0000000100000000)
  region size 1024K, 13 young (13312K), 0 survivors (0K)
 Metaspace       used 6702K, committed 6912K, reserved 1114112K
  class space    used 486K, committed 576K, reserved 1048576K
}
Event: 2.639 GC heap after
{Heap after GC invocations=1 (full 0):
 garbage-first heap   total 129024K, used 2988K [0x0000000082000000, 0x0000000100000000)
  region size 1024K, 2 young (2048K), 2 survivors (2048K)
 Metaspace       used 6702K, committed 6912K, reserved 1114112K
  class space    used 486K, committed 576K, reserved 1048576K
}

Dll operation events (11 events):
Event: 0.036 Loaded shared library C:\Users\ruse\.jdks\graalvm-jdk-21_windows-x64_bin\graalvm-jdk-21.0.5+9.1\bin\java.dll
Event: 0.039 Loaded shared library C:\Users\ruse\.jdks\graalvm-jdk-21_windows-x64_bin\graalvm-jdk-21.0.5+9.1\bin\zip.dll
Event: 0.117 Loaded shared library C:\Users\ruse\.jdks\graalvm-jdk-21_windows-x64_bin\graalvm-jdk-21.0.5+9.1\bin\jsvml.dll
Event: 0.625 Loaded shared library C:\Users\ruse\.jdks\graalvm-jdk-21_windows-x64_bin\graalvm-jdk-21.0.5+9.1\bin\instrument.dll
Event: 0.634 Loaded shared library C:\Users\ruse\.jdks\graalvm-jdk-21_windows-x64_bin\graalvm-jdk-21.0.5+9.1\bin\jvmcicompiler.dll
Event: 0.703 Loaded shared library C:\Users\ruse\.jdks\graalvm-jdk-21_windows-x64_bin\graalvm-jdk-21.0.5+9.1\bin\zip.dll
Event: 0.770 Loaded shared library C:\Users\ruse\.jdks\graalvm-jdk-21_windows-x64_bin\graalvm-jdk-21.0.5+9.1\bin\jimage.dll
Event: 0.877 Loaded shared library C:\Users\ruse\.jdks\graalvm-jdk-21_windows-x64_bin\graalvm-jdk-21.0.5+9.1\bin\net.dll
Event: 0.883 Loaded shared library C:\Users\ruse\.jdks\graalvm-jdk-21_windows-x64_bin\graalvm-jdk-21.0.5+9.1\bin\nio.dll
Event: 1.330 Loaded shared library C:\Users\ruse\AppData\Local\Temp\lwjglruse\3.2.3-build-13\lwjgl.dll
Event: 2.316 Loaded shared library C:\Users\ruse\AppData\Local\Temp\lwjglruse\3.2.3-build-13\lwjgl_opengl.dll

Deoptimization events (14 events):
Event: 0.933 Thread 0x000001e7c5b5b1d0 DEOPT PACKING pc=0x000001e7d1b003e4 sp=0x000000245c5fd870
Event: 0.933 Thread 0x000001e7c5b5b1d0 DEOPT UNPACKING pc=0x000001e7d8fb4c43 sp=0x000000245c5fcce0 mode 0
Event: 1.376 Thread 0x000001e7c5b5b1d0 DEOPT PACKING pc=0x000001e7d1b41c96 sp=0x000000245c5fd600
Event: 1.376 Thread 0x000001e7c5b5b1d0 DEOPT UNPACKING pc=0x000001e7d8fb4c43 sp=0x000000245c5fca78 mode 0
Event: 2.175 Thread 0x000001e7c5b5b1d0 DEOPT PACKING pc=0x000001e7d1afdd9a sp=0x000000245c5fab70
Event: 2.175 Thread 0x000001e7c5b5b1d0 DEOPT UNPACKING pc=0x000001e7d8fb4c43 sp=0x000000245c5fa008 mode 0
Event: 2.317 Thread 0x000001e7c5b5b1d0 DEOPT PACKING pc=0x000001e7d1b1b4f9 sp=0x000000245c5fde50
Event: 2.318 Thread 0x000001e7c5b5b1d0 DEOPT UNPACKING pc=0x000001e7d8fb4c43 sp=0x000000245c5fd338 mode 0
Event: 2.658 Thread 0x000001e7c5b5b1d0 DEOPT PACKING pc=0x000001e7d1af3079 sp=0x000000245c5fe5d0
Event: 2.658 Thread 0x000001e7c5b5b1d0 DEOPT UNPACKING pc=0x000001e7d8fb4c43 sp=0x000000245c5fda70 mode 0
Event: 2.998 Thread 0x000001e7c5b5b1d0 DEOPT PACKING pc=0x000001e7d1b41c96 sp=0x000000245c5fdc80
Event: 2.998 Thread 0x000001e7c5b5b1d0 DEOPT UNPACKING pc=0x000001e7d8fb4c43 sp=0x000000245c5fd0f8 mode 0
Event: 3.062 Thread 0x000001e7c5b5b1d0 DEOPT PACKING pc=0x000001e7d1b3a3fb sp=0x000000245c5fdf00
Event: 3.062 Thread 0x000001e7c5b5b1d0 DEOPT UNPACKING pc=0x000001e7d8fb4c43 sp=0x000000245c5fd378 mode 0

Classes loaded (20 events):
Event: 3.209 Loading class org/lwjgl/opengl/INTELMapTexture
Event: 3.209 Loading class org/lwjgl/opengl/INTELMapTexture done
Event: 3.213 Loading class org/lwjgl/opengl/INTELPerformanceQuery
Event: 3.213 Loading class org/lwjgl/opengl/INTELPerformanceQuery done
Event: 3.216 Loading class org/lwjgl/opengl/KHRBlendEquationAdvanced
Event: 3.216 Loading class org/lwjgl/opengl/KHRBlendEquationAdvanced done
Event: 3.218 Loading class org/lwjgl/opengl/KHRDebug
Event: 3.218 Loading class org/lwjgl/opengl/KHRDebug done
Event: 3.223 Loading class org/lwjgl/opengl/NVConditionalRender
Event: 3.223 Loading class org/lwjgl/opengl/NVConditionalRender done
Event: 3.229 Loading class org/lwjgl/opengl/NVPrimitiveRestart
Event: 3.229 Loading class org/lwjgl/opengl/NVPrimitiveRestart done
Event: 3.236 Loading class jdk/internal/reflect/MethodHandleLongFieldAccessorImpl
Event: 3.236 Loading class jdk/internal/reflect/MethodHandleLongFieldAccessorImpl done
Event: 3.239 Loading class org/lwjgl/system/CheckIntrinsics
Event: 3.239 Loading class org/lwjgl/system/CheckIntrinsics done
Event: 3.526 Loading class org/lwjgl/system/MultiReleaseMemCopy
Event: 3.526 Loading class org/lwjgl/system/MultiReleaseMemCopy done
Event: 3.527 Loading class org/lwjgl/glfw/EventLoop$OnScreen
Event: 3.527 Loading class org/lwjgl/glfw/EventLoop$OnScreen done

Classes unloaded (0 events):
No events

Classes redefined (1 events):
Event: 0.723 Thread 0x000001e7e566be60 redefined class name=java.lang.Throwable, count=1

Internal exceptions (20 events):
Event: 1.397 Thread 0x000001e7c5b5b1d0 Exception <a 'sun/nio/fs/WindowsException'{0x00000000893bcfe8}> (0x00000000893bcfe8) 
thrown [s\open\src\hotspot\share\prims\jni.cpp, line 520]
Event: 1.397 Thread 0x000001e7c5b5b1d0 Exception <a 'sun/nio/fs/WindowsException'{0x00000000893c3b90}> (0x00000000893c3b90) 
thrown [s\open\src\hotspot\share\prims\jni.cpp, line 520]
Event: 1.514 Thread 0x000001e7c5b5b1d0 Exception <a 'sun/nio/fs/WindowsException'{0x00000000893c88f8}> (0x00000000893c88f8) 
thrown [s\open\src\hotspot\share\prims\jni.cpp, line 520]
Event: 1.515 Thread 0x000001e7c5b5b1d0 Exception <a 'sun/nio/fs/WindowsException'{0x00000000893c8c78}> (0x00000000893c8c78) 
thrown [s\open\src\hotspot\share\prims\jni.cpp, line 520]
Event: 1.536 Thread 0x000001e7c5b5b1d0 Exception <a 'java/lang/NoSuchMethodError'{0x00000000893de550}: 'int java.lang.invoke.Invokers$Holder.invokeExact_MT(java.lang.Object, java.lang.Object)'> (0x00000000893de550) 
thrown [s\open\src\hotspot\share\interpreter\linkResolver.cpp, line 773]
Event: 2.163 Thread 0x000001e7c5b5b1d0 Exception <a 'java/lang/NoSuchMethodError'{0x0000000089247790}: 'void java.lang.invoke.DirectMethodHandle$Holder.invokeStaticInit(java.lang.Object, long, double, double)'> (0x0000000089247790) 
thrown [s\open\src\hotspot\share\interpreter\linkResolver.cpp, line 773]
Event: 2.168 Thread 0x000001e7c5b5b1d0 Exception <a 'java/lang/NoSuchMethodError'{0x0000000089256020}: 'void java.lang.invoke.DirectMethodHandle$Holder.invokeStaticInit(java.lang.Object, long, int, int, int)'> (0x0000000089256020) 
thrown [s\open\src\hotspot\share\interpreter\linkResolver.cpp, line 773]
Event: 2.183 Thread 0x000001e7c5b5b1d0 Exception <a 'java/lang/NoSuchMethodError'{0x000000008926db58}: 'void java.lang.invoke.DirectMethodHandle$Holder.invokeStaticInit(java.lang.Object, long, int, int, int, int)'> (0x000000008926db58) 
thrown [s\open\src\hotspot\share\interpreter\linkResolver.cpp, line 773]
Event: 2.186 Thread 0x000001e7c5b5b1d0 Exception <a 'java/lang/NoSuchMethodError'{0x0000000089279120}: 'void java.lang.invoke.DirectMethodHandle$Holder.invokeStatic(java.lang.Object, long, int, int)'> (0x0000000089279120) 
thrown [s\open\src\hotspot\share\interpreter\linkResolver.cpp, line 773]
Event: 2.198 Thread 0x000001e7c5b5b1d0 Exception <a 'java/lang/NoSuchMethodError'{0x00000000892a15e8}: 'void java.lang.System.load(java.lang.String, java.lang.Class)'> (0x00000000892a15e8) 
thrown [s\open\src\hotspot\share\interpreter\linkResolver.cpp, line 773]
Event: 2.201 Thread 0x000001e7c5b5b1d0 Exception <a 'java/lang/NoSuchMethodError'{0x00000000892a3fc8}: 'void java.lang.System.loadLibrary(java.lang.String, java.lang.Class)'> (0x00000000892a3fc8) 
thrown [s\open\src\hotspot\share\interpreter\linkResolver.cpp, line 773]
Event: 2.208 Thread 0x000001e7c5b5b1d0 Exception <a 'sun/nio/fs/WindowsException'{0x00000000892a81b8}> (0x00000000892a81b8) 
thrown [s\open\src\hotspot\share\prims\jni.cpp, line 520]
Event: 2.208 Thread 0x000001e7c5b5b1d0 Exception <a 'sun/nio/fs/WindowsException'{0x00000000892a8948}> (0x00000000892a8948) 
thrown [s\open\src\hotspot\share\prims\jni.cpp, line 520]
Event: 2.211 Thread 0x000001e7c5b5b1d0 Exception <a 'sun/nio/fs/WindowsException'{0x00000000892af520}> (0x00000000892af520) 
thrown [s\open\src\hotspot\share\prims\jni.cpp, line 520]
Event: 2.310 Thread 0x000001e7c5b5b1d0 Exception <a 'sun/nio/fs/WindowsException'{0x00000000892b42d0}> (0x00000000892b42d0) 
thrown [s\open\src\hotspot\share\prims\jni.cpp, line 520]
Event: 2.310 Thread 0x000001e7c5b5b1d0 Exception <a 'sun/nio/fs/WindowsException'{0x00000000892b4690}> (0x00000000892b4690) 
thrown [s\open\src\hotspot\share\prims\jni.cpp, line 520]
Event: 2.318 Thread 0x000001e7c5b5b1d0 Exception <a 'sun/nio/fs/WindowsException'{0x00000000892bbfe0}> (0x00000000892bbfe0) 
thrown [s\open\src\hotspot\share\prims\jni.cpp, line 520]
Event: 2.318 Thread 0x000001e7c5b5b1d0 Exception <a 'sun/nio/fs/WindowsException'{0x00000000892bc2d0}> (0x00000000892bc2d0) 
thrown [s\open\src\hotspot\share\prims\jni.cpp, line 520]
Event: 3.236 Thread 0x000001e7c5b5b1d0 Exception <a 'java/lang/NoSuchMethodError'{0x000000008974d740}: 'long java.lang.invoke.DelegatingMethodHandle$Holder.reinvoke_L(java.lang.Object, java.lang.Object)'> (0x000000008974d740) 
thrown [s\open\src\hotspot\share\interpreter\linkResolver.cpp, line 773]
Event: 3.238 Thread 0x000001e7c5b5b1d0 Exception <a 'java/lang/NoSuchMethodError'{0x0000000089753b08}: 'long java.lang.invoke.Invokers$Holder.invokeExact_MT(java.lang.Object, java.lang.Object, java.lang.Object)'> (0x0000000089753b08) 
thrown [s\open\src\hotspot\share\interpreter\linkResolver.cpp, line 773]

ZGC Phase Switch (0 events):
No events

VM Operations (18 events):
Event: 0.268 Executing VM operation: HandshakeAllThreads (Deoptimize)
Event: 0.268 Executing VM operation: HandshakeAllThreads (Deoptimize) done
Event: 0.614 Executing VM operation: ChangeBreakpoints
Event: 0.615 Executing VM operation: ChangeBreakpoints done
Event: 0.619 Executing VM operation: ChangeBreakpoints
Event: 0.619 Executing VM operation: ChangeBreakpoints done
Event: 0.722 Executing VM operation: RedefineClasses
Event: 0.724 Executing VM operation: RedefineClasses done
Event: 0.820 Executing VM operation: get/set locals
Event: 0.821 Executing VM operation: get/set locals done
Event: 0.885 Executing VM operation: HandshakeAllThreads (Deoptimize)
Event: 0.885 Executing VM operation: HandshakeAllThreads (Deoptimize) done
Event: 0.911 Executing VM operation: HandshakeAllThreads (Deoptimize)
Event: 0.913 Executing VM operation: HandshakeAllThreads (Deoptimize) done
Event: 1.927 Executing VM operation: Cleanup
Event: 1.927 Executing VM operation: Cleanup done
Event: 2.631 Executing VM operation: G1CollectForAllocation (G1 Evacuation Pause)
Event: 2.639 Executing VM operation: G1CollectForAllocation (G1 Evacuation Pause) done

Events (15 events):
Event: 0.070 Thread 0x000001e7c5b5b1d0 Thread added: 0x000001e7c5b5b1d0
Event: 0.108 Thread 0x000001e7e5688870 Thread added: 0x000001e7e5688870
Event: 0.108 Thread 0x000001e7e568a4d0 Thread added: 0x000001e7e568a4d0
Event: 0.109 Thread 0x000001e7e568e2a0 Thread added: 0x000001e7e568e2a0
Event: 0.109 Thread 0x000001e7e56aed00 Thread added: 0x000001e7e56aed00
Event: 0.109 Thread 0x000001e7e56af750 Thread added: 0x000001e7e56af750
Event: 0.109 Thread 0x000001e7e56b01a0 Thread added: 0x000001e7e56b01a0
Event: 0.109 Thread 0x000001e7e56b2f30 Thread added: 0x000001e7e56b2f30
Event: 0.111 Thread 0x000001e7e56b4230 Thread added: 0x000001e7e56b4230
Event: 0.123 Thread 0x000001e7e5818df0 Thread added: 0x000001e7e5818df0
Event: 0.226 Thread 0x000001e7e565a7a0 Thread added: 0x000001e7e565a7a0
Event: 0.336 Thread 0x000001e7e597b540 Thread added: 0x000001e7e597b540
Event: 0.337 Thread 0x000001e7e598e960 Thread added: 0x000001e7e598e960
Event: 0.337 Thread 0x000001e7e598f3e0 Thread added: 0x000001e7e598f3e0
Event: 0.837 Thread 0x000001e7e5bd7040 Thread added: 0x000001e7e5bd7040


Dynamic libraries:
0x00007ff6eadb0000 - 0x00007ff6eadc0000 	C:\Users\ruse\.jdks\graalvm-jdk-21_windows-x64_bin\graalvm-jdk-21.0.5+9.1\bin\java.exe
0x00007ff8fcff0000 - 0x00007ff8fd1e8000 	C:\Windows\SYSTEM32\ntdll.dll
0x00007ff8fb830000 - 0x00007ff8fb8f2000 	C:\Windows\System32\KERNEL32.DLL
0x00007ff8fa890000 - 0x00007ff8fab8e000 	C:\Windows\System32\KERNELBASE.dll
0x00007ff8facb0000 - 0x00007ff8fadb0000 	C:\Windows\System32\ucrtbase.dll
0x00007ff8f5e90000 - 0x00007ff8f5ea9000 	C:\Users\ruse\.jdks\graalvm-jdk-21_windows-x64_bin\graalvm-jdk-21.0.5+9.1\bin\jli.dll
0x00007ff8fb390000 - 0x00007ff8fb441000 	C:\Windows\System32\ADVAPI32.dll
0x00007ff8fb190000 - 0x00007ff8fb22e000 	C:\Windows\System32\msvcrt.dll
0x00007ff8fc9b0000 - 0x00007ff8fca4f000 	C:\Windows\System32\sechost.dll
0x00007ff8fbc30000 - 0x00007ff8fbd53000 	C:\Windows\System32\RPCRT4.dll
0x00007ff8faeb0000 - 0x00007ff8faed7000 	C:\Windows\System32\bcrypt.dll
0x00007ff8fbd60000 - 0x00007ff8fbefd000 	C:\Windows\System32\USER32.dll
0x00007ff8faf50000 - 0x00007ff8faf72000 	C:\Windows\System32\win32u.dll
0x00007ff8f3250000 - 0x00007ff8f326b000 	C:\Users\ruse\.jdks\graalvm-jdk-21_windows-x64_bin\graalvm-jdk-21.0.5+9.1\bin\VCRUNTIME140.dll
0x00007ff8e3860000 - 0x00007ff8e3afa000 	C:\Windows\WinSxS\amd64_microsoft.windows.common-controls_6595b64144ccf1df_6.0.19041.4355_none_60b8b9eb71f62e16\COMCTL32.dll
0x00007ff8fb2a0000 - 0x00007ff8fb2cb000 	C:\Windows\System32\GDI32.dll
0x00007ff8fab90000 - 0x00007ff8faca7000 	C:\Windows\System32\gdi32full.dll
0x00007ff8fa690000 - 0x00007ff8fa72d000 	C:\Windows\System32\msvcp_win.dll
0x00007ff8f38b0000 - 0x00007ff8f38ba000 	C:\Windows\SYSTEM32\VERSION.dll
0x00007ff8fc980000 - 0x00007ff8fc9af000 	C:\Windows\System32\IMM32.DLL
0x00007ff8f34e0000 - 0x00007ff8f34ec000 	C:\Users\ruse\.jdks\graalvm-jdk-21_windows-x64_bin\graalvm-jdk-21.0.5+9.1\bin\vcruntime140_1.dll
0x00007ff8dd570000 - 0x00007ff8dd5fe000 	C:\Users\ruse\.jdks\graalvm-jdk-21_windows-x64_bin\graalvm-jdk-21.0.5+9.1\bin\msvcp140.dll
0x00007ff8c81b0000 - 0x00007ff8c8ed3000 	C:\Users\ruse\.jdks\graalvm-jdk-21_windows-x64_bin\graalvm-jdk-21.0.5+9.1\bin\server\jvm.dll
0x00007ff8fb230000 - 0x00007ff8fb29b000 	C:\Windows\System32\WS2_32.dll
0x00007ff8efc20000 - 0x00007ff8efc47000 	C:\Windows\SYSTEM32\WINMM.dll
0x00007ff8fa4f0000 - 0x00007ff8fa53b000 	C:\Windows\SYSTEM32\POWRPROF.dll
0x00007ff8fa4d0000 - 0x00007ff8fa4e2000 	C:\Windows\SYSTEM32\UMPDC.dll
0x00007ff8f84d0000 - 0x00007ff8f84e2000 	C:\Windows\SYSTEM32\kernel.appcore.dll
0x00007ff8f34a0000 - 0x00007ff8f34aa000 	C:\Users\ruse\.jdks\graalvm-jdk-21_windows-x64_bin\graalvm-jdk-21.0.5+9.1\bin\jimage.dll
0x00007ff8e5f10000 - 0x00007ff8e60f4000 	C:\Windows\SYSTEM32\DBGHELP.DLL
0x00007ff8e5ed0000 - 0x00007ff8e5f04000 	C:\Windows\SYSTEM32\dbgcore.DLL
0x00007ff8faf80000 - 0x00007ff8fb002000 	C:\Windows\System32\bcryptPrimitives.dll
0x00007ff8cffc0000 - 0x00007ff8cfffc000 	C:\Users\ruse\.jdks\graalvm-jdk-21_windows-x64_bin\graalvm-jdk-21.0.5+9.1\bin\jdwp.dll
0x00007ff8f31d0000 - 0x00007ff8f31df000 	C:\Users\ruse\.jdks\graalvm-jdk-21_windows-x64_bin\graalvm-jdk-21.0.5+9.1\bin\instrument.dll
0x00007ff8f3200000 - 0x00007ff8f321f000 	C:\Users\ruse\.jdks\graalvm-jdk-21_windows-x64_bin\graalvm-jdk-21.0.5+9.1\bin\java.dll
0x00007ff8e3720000 - 0x00007ff8e3738000 	C:\Users\ruse\.jdks\graalvm-jdk-21_windows-x64_bin\graalvm-jdk-21.0.5+9.1\bin\zip.dll
0x00007ff8fbf00000 - 0x00007ff8fc66d000 	C:\Windows\System32\SHELL32.dll
0x00007ff8f86d0000 - 0x00007ff8f8e74000 	C:\Windows\SYSTEM32\windows.storage.dll
0x00007ff8fb450000 - 0x00007ff8fb7a3000 	C:\Windows\System32\combase.dll
0x00007ff8f9ff0000 - 0x00007ff8fa01e000 	C:\Windows\SYSTEM32\Wldp.dll
0x00007ff8fb900000 - 0x00007ff8fb9cd000 	C:\Windows\System32\OLEAUT32.dll
0x00007ff8fb0c0000 - 0x00007ff8fb16d000 	C:\Windows\System32\SHCORE.dll
0x00007ff8fb2d0000 - 0x00007ff8fb325000 	C:\Windows\System32\shlwapi.dll
0x00007ff8fa5c0000 - 0x00007ff8fa5e4000 	C:\Windows\SYSTEM32\profapi.dll
0x00007ff8dd490000 - 0x00007ff8dd567000 	C:\Users\ruse\.jdks\graalvm-jdk-21_windows-x64_bin\graalvm-jdk-21.0.5+9.1\bin\jsvml.dll
0x00007ff8f2ec0000 - 0x00007ff8f2ecc000 	C:\Users\ruse\.jdks\graalvm-jdk-21_windows-x64_bin\graalvm-jdk-21.0.5+9.1\bin\dt_socket.dll
0x00007ff8f9a10000 - 0x00007ff8f9a4b000 	C:\Windows\SYSTEM32\IPHLPAPI.DLL
0x00007ff8f9d50000 - 0x00007ff8f9dba000 	C:\Windows\system32\mswsock.dll
0x00007ff8c38e0000 - 0x00007ff8c6845000 	C:\Users\ruse\.jdks\graalvm-jdk-21_windows-x64_bin\graalvm-jdk-21.0.5+9.1\bin\jvmcicompiler.dll
0x00007ff8fc910000 - 0x00007ff8fc918000 	C:\Windows\System32\PSAPI.DLL
0x00007ff8fa730000 - 0x00007ff8fa88c000 	C:\Windows\System32\CRYPT32.dll
0x00007ff8fa580000 - 0x00007ff8fa5ae000 	C:\Windows\SYSTEM32\USERENV.dll
0x00007ff8fa060000 - 0x00007ff8fa087000 	C:\Windows\SYSTEM32\ncrypt.dll
0x00007ff8fa020000 - 0x00007ff8fa05b000 	C:\Windows\SYSTEM32\NTASN1.dll
0x00007ff8f3240000 - 0x00007ff8f3250000 	C:\Users\ruse\.jdks\graalvm-jdk-21_windows-x64_bin\graalvm-jdk-21.0.5+9.1\bin\net.dll
0x00007ff8f27b0000 - 0x00007ff8f28bd000 	C:\Windows\SYSTEM32\WINHTTP.dll
0x00007ff8ebb00000 - 0x00007ff8ebb16000 	C:\Users\ruse\.jdks\graalvm-jdk-21_windows-x64_bin\graalvm-jdk-21.0.5+9.1\bin\nio.dll
0x00007ff8ccaf0000 - 0x00007ff8ccb54000 	C:\Users\ruse\AppData\Local\Temp\lwjglruse\3.2.3-build-13\lwjgl.dll
0x00007ff8cb470000 - 0x00007ff8cb4d2000 	C:\Users\ruse\AppData\Local\Temp\lwjglruse\3.2.3-build-13\glfw.dll
0x00007ff8f7fe0000 - 0x00007ff8f807e000 	C:\Windows\system32\uxtheme.dll
0x00007ff8cf480000 - 0x00007ff8cf4c5000 	C:\Windows\SYSTEM32\dinput8.dll
0x00007ff8de460000 - 0x00007ff8de471000 	C:\Windows\SYSTEM32\xinput1_4.dll
0x00007ff8fae60000 - 0x00007ff8faeae000 	C:\Windows\System32\cfgmgr32.dll
0x00007ff8fa350000 - 0x00007ff8fa383000 	C:\Windows\SYSTEM32\DEVOBJ.dll
0x00007ff8f81d0000 - 0x00007ff8f81ff000 	C:\Windows\SYSTEM32\dwmapi.dll
0x00007ff8e0560000 - 0x00007ff8e06b2000 	C:\Windows\SYSTEM32\inputhost.dll
0x00007ff8f7a20000 - 0x00007ff8f7b12000 	C:\Windows\SYSTEM32\CoreMessaging.dll
0x00007ff8f6ef0000 - 0x00007ff8f7047000 	C:\Windows\SYSTEM32\wintypes.dll
0x00007ff8f75c0000 - 0x00007ff8f791b000 	C:\Windows\SYSTEM32\CoreUIComponents.dll
0x00007ff8f9890000 - 0x00007ff8f98c3000 	C:\Windows\SYSTEM32\ntmarta.dll
0x00007ff8f5f90000 - 0x00007ff8f6086000 	C:\Windows\SYSTEM32\PROPSYS.dll
0x00007ff8fb9d0000 - 0x00007ff8fbae5000 	C:\Windows\System32\MSCTF.dll
0x00007ff8f8e80000 - 0x00007ff8f8e8d000 	C:\Windows\SYSTEM32\HID.DLL
0x00007ff8fcb40000 - 0x00007ff8fcfae000 	C:\Windows\System32\SETUPAPI.DLL
0x00007ff8faee0000 - 0x00007ff8faf49000 	C:\Windows\System32\WINTRUST.dll
0x00007ff8fa180000 - 0x00007ff8fa192000 	C:\Windows\SYSTEM32\MSASN1.dll
0x00007ff8dcb50000 - 0x00007ff8dcc78000 	C:\Windows\SYSTEM32\opengl32.dll
0x00007ff8f3550000 - 0x00007ff8f357c000 	C:\Windows\SYSTEM32\GLU32.dll
0x00007ff8fb010000 - 0x00007ff8fb0b9000 	C:\Windows\System32\clbcatq.dll
0x00007ff8a0be0000 - 0x00007ff8a1939000 	C:\Windows\System32\DriverStore\FileRepository\igdlh64.inf_amd64_aa3a0bcfbcf24a1b\ig9icd64.dll
0x00007ff8f60c0000 - 0x00007ff8f60d4000 	C:\Windows\SYSTEM32\WTSAPI32.dll
0x00007ff8f1f70000 - 0x00007ff8f1fab000 	C:\Windows\SYSTEM32\dxcore.dll
0x00007ff8ede30000 - 0x00007ff8eef8f000 	C:\Windows\System32\DriverStore\FileRepository\igdlh64.inf_amd64_aa3a0bcfbcf24a1b\igc64.dll
0x00007ff8f8ee0000 - 0x00007ff8f8fd6000 	C:\Windows\SYSTEM32\dxgi.dll
0x00007ff8f6570000 - 0x00007ff8f67d3000 	C:\Windows\SYSTEM32\d3d11.dll
0x00007ff8f01d0000 - 0x00007ff8f1915000 	C:\Windows\System32\DriverStore\FileRepository\igdlh64.inf_amd64_aa3a0bcfbcf24a1b\igd10iumd64.dll
0x00007ff8f7c30000 - 0x00007ff8f7cc4000 	C:\Windows\SYSTEM32\apphelp.dll
0x00007ff8cb410000 - 0x00007ff8cb469000 	C:\Users\ruse\AppData\Local\Temp\lwjglruse\3.2.3-build-13\lwjgl_opengl.dll

dbghelp: loaded successfully - version: 4.0.5 - missing functions: none
symbol engine: initialized successfully - sym options: 0x614 - pdb path: .;C:\Users\ruse\.jdks\graalvm-jdk-21_windows-x64_bin\graalvm-jdk-21.0.5+9.1\bin;C:\Windows\SYSTEM32;C:\Windows\WinSxS\amd64_microsoft.windows.common-controls_6595b64144ccf1df_6.0.19041.4355_none_60b8b9eb71f62e16;C:\Users\ruse\.jdks\graalvm-jdk-21_windows-x64_bin\graalvm-jdk-21.0.5+9.1\bin\server;C:\Users\ruse\AppData\Local\Temp\lwjglruse\3.2.3-build-13;C:\Windows\System32\DriverStore\FileRepository\igdlh64.inf_amd64_aa3a0bcfbcf24a1b

VM Arguments:
jvm_args: -XX:ThreadPriorityPolicy=1 -XX:+UnlockExperimentalVMOptions -XX:+EnableJVMCIProduct -XX:-UnlockExperimentalVMOptions -Ddebugger.agent.enable.coroutines=true -Dkotlinx.coroutines.debug.enable.creation.stack.trace=false -Dkotlinx.coroutines.debug.enable.flows.stack.trace=true -Dkotlinx.coroutines.debug.enable.mutable.state.flows.stack.trace=true -agentlib:jdwp=transport=dt_socket,server=n,suspend=y,address=127.0.0.1:63565 -javaagent:C:\Users\ruse\AppData\Local\JetBrains\IdeaIC2024.3\captureAgent\debugger-agent.jar -Dfile.encoding=UTF-8 -Duser.country=US -Duser.language=en -Duser.variant 
java_command: pack.Main
java_class_path (initial): Q:\myWorking\this.java\Games\RX-0\build\classes\java\main;Q:\myWorking\this.java\Games\RX-0\build\resources\main;Q:\myWorking\this.java\Games\RX-0\libs\jbox2d-library.jar;C:\Users\ruse\.gradle\caches\modules-2\files-2.1\com.google.code.gson\gson\2.8.6\9180733b7df8542621dc12e21e87557e8c99b8cb\gson-2.8.6.jar;C:\Users\ruse\.gradle\caches\modules-2\files-2.1\io.github.spair\imgui-java-app\1.81.0\37a0be053a63da53c3628b3d6186ccbd380f7106\imgui-java-app-1.81.0.jar;C:\Users\ruse\.gradle\caches\modules-2\files-2.1\io.github.spair\imgui-java-lwjgl3\1.81.0\6c92680fc6e9951532445ecc35b44f2d4cd82d76\imgui-java-lwjgl3-1.81.0.jar;C:\Users\ruse\.gradle\caches\modules-2\files-2.1\org.lwjgl\lwjgl-assimp\3.2.3\f62aa07a20afbdd3097efc296c4841e0d29700eb\lwjgl-assimp-3.2.3.jar;C:\Users\ruse\.gradle\caches\modules-2\files-2.1\org.lwjgl\lwjgl-assimp\3.2.3\4e60aeb75f0343c4a9ede4ef8b6b32ca702a00a3\lwjgl-assimp-3.2.3-natives-windows.jar;C:\Users\ruse\.gradle\caches\modules-2\files-2.1\org.lwjgl\lwjgl-glfw\3.2.3\5e520d5c290c8b012545a8d34fa5db5ab051ea53\lwjgl-glfw-3.2.3.jar;C:\Users\ruse\.gradle\caches\modules-2\files-2.1\org.lwjgl\lwjgl-glfw\3.2.3\b4d8a3477cdc2edcf7a5f1e822926be846223f54\lwjgl-glfw-3.2.3-natives-windows.jar;C:\Users\ruse\.gradle\caches\modules-2\files-2.1\org.lwjgl\lwjgl-glfw\3.2.3\62b044d9b0a057444bef2ab70b9afc288ec09dba\lwjgl-glfw-3.2.3-natives-linux.jar;C:\Users\ruse\.gradle\caches\modules-2\files-2.1\org.lwjgl\lwjgl-glfw\3.2.3\58661272eacb9116336c88b4aadccf1f17c09b\lwjgl-glfw-3.2.3-natives-macos.jar;C:\Users\ruse\.gradle\caches\modules-2\files-2.1\org.lwjgl\lwjgl-nfd\3.2.3\c44fee1043c022cf6614a28872d44cf114ca7737\lwjgl-nfd-3.2.3.jar;C:\Users\ruse\.gradle\caches\modules-2\files-2.1\org.lwjgl\lwjgl-nfd\3.2.3\32782f5f5c57769efb82af864e70b819c77bc891\lwjgl-nfd-3.2.3-natives-windows.jar;C:\Users\ruse\.gradle\caches\modules-2\files-2.1\org.lwjgl\lwjgl-openal\3.2.3\106742e805803ab9eab8e343f0fb31a3d263903c\lwjgl-openal-3.2.3.jar;C:\Users\ruse\.gradle\caches\modules-2\files-2.1\org.lwjgl\lwjgl-openal\3.2.3\ec898e8ce11b5886f4f532a1536283ef2817758d\lwjgl-openal-3.2.3-natives-windows.jar;C:\Users\ruse\.gradle\caches\modules-2\files-2.1\org.lwjgl\lwjgl-opengl\3.2.3\bdd534a323d0c8f54969b95e424b6ac8984f7d6e\lwjgl-opengl-3.2.3.jar;C:\Users\ruse\.gradle\caches\modules-2\files-2.1\org.lwjgl\lwjgl-opengl\3.2.3\e81cfc73ec8708e5e791ed770e4ec3edfc1bbab1\lwjgl-opengl-3.2.3-natives-windows.jar;C:\Users\ruse\.gradle\caches\modules-2\files-2.1\org.lwjgl\lwjgl-opengl\3.2.3\7f14db5da9aa7951efe88993f519d7d38ad6e46b\lwjgl-opengl-3.2.3-natives-linux.jar;C:\Users\ruse\.gradle\caches\modules-2\files-2.1\org.lwjgl\lwjgl-opengl\3.2.3\efa3326c11336d3e74c9c8aeceb2420328d28e6b\lwjgl-opengl-3.2.3-natives-macos.jar;C:\Users\ruse\.gradle\caches\modules-2\files-2.1\org.lwjgl\lwjgl-stb\3.2.3\40eccaa4fa86fc815f2e17946a392fb5fdcc286a\lwjgl-stb-3.2.3.jar;C:\Users\ruse\.gradle\caches\modules-2\files-2.1\org.lwjgl\lwjgl-stb\3.2.3\817b21ec286f0ba3dcedb56a3bd275e6a9345be9\lwjgl-stb-3.2.3-natives-windows.jar;C:\Users\ruse\.gradle\caches\modules-2\files-2.1\org.lwjgl\lwjgl\3.2.3\17a59ba0fe8d474ec9dbe0d5db40d2cfe59c4c08\lwjgl-3.2.3.jar;C:\Users\ruse\.gradle\caches\modules-2\files-2.1\org.lwjgl\lwjgl\3.2.3\27f32cd35349684745951e04388e8e00d681cdcd\lwjgl-3.2.3-natives-windows.jar;C:\Users\ruse\.gradle\caches\modules-2\files-2.1\org.lwjgl\lwjgl\3.2.3\3d9d36c93446c7a1c90bc7aec8fa89c7988bf82b\lwjgl-3.2.3-natives-linux.jar;C:\Users\ruse\.gradle\caches\modules-2\files-2.1\org.lwjgl\lwjgl\3.2.3\35f506c5d368017a3cc5590da3d6d3a0760fb606\lwjgl-3.2.3-natives-macos.jar;C:\Users\ruse\.gradle\caches\modules-2\files-2.1\org.joml\joml\1.9.23\2fe75c084b2c8b82dbf7106f46b9cdc444785acf\joml-1.9.23.jar;C:\Users\ruse\.gradle\caches\modules-2\files-2.1\org.projectlombok\lombok\1.18.30\f195ee86e6c896ea47a1d39defbe20eb59cd149d\lombok-1.18.30.jar;C:\Users\ruse\.gradle\caches\modules-2\files-2.1\io.github.spair\imgui-java-binding\1.81.0\aa24c1101600b47d2f562ad3c8987b14e79e5d0d\imgui-java-binding-1.81.0.jar
Launcher Type: SUN_STANDARD

[Global flags]
     intx CICompilerCount                          = 3                                         {product} {ergonomic}
     uint ConcGCThreads                            = 1                                         {product} {ergonomic}
     bool EnableJVMCIProduct                       = true                                {JVMCI product} {jimage}
     uint G1ConcRefinementThreads                  = 4                                         {product} {ergonomic}
   size_t G1HeapRegionSize                         = 1048576                                   {product} {ergonomic}
    uintx GCDrainStackTargetSize                   = 64                                        {product} {ergonomic}
   size_t InitialHeapSize                          = 132120576                                 {product} {ergonomic}
   size_t MarkStackSize                            = 4194304                                   {product} {ergonomic}
   size_t MaxHeapSize                              = 2113929216                                {product} {ergonomic}
   size_t MaxNewSize                               = 1267728384                                {product} {ergonomic}
   size_t MinHeapDeltaBytes                        = 1048576                                   {product} {ergonomic}
   size_t MinHeapSize                              = 8388608                                   {product} {ergonomic}
    uintx NonNMethodCodeHeapSize                   = 6402904                                {pd product} {ergonomic}
    uintx NonProfiledCodeHeapSize                  = 122627668                              {pd product} {ergonomic}
    uintx ProfiledCodeHeapSize                     = 122627668                              {pd product} {ergonomic}
    uintx ReservedCodeCacheSize                    = 251658240                              {pd product} {ergonomic}
     bool SegmentedCodeCache                       = true                                      {product} {ergonomic}
   size_t SoftMaxHeapSize                          = 2113929216                             {manageable} {ergonomic}
      int ThreadPriorityPolicy                     = 1                                         {product} {jimage}
     bool UseCompressedOops                        = true                           {product lp64_product} {ergonomic}
     bool UseG1GC                                  = true                                      {product} {ergonomic}
     bool UseLargePagesIndividualAllocation        = false                                  {pd product} {ergonomic}

Logging:
Log output configuration:
 #0: stdout all=warning uptime,level,tags foldmultilines=false
 #1: stderr all=off uptime,level,tags foldmultilines=false

Environment Variables:
JAVA_HOME=C:\Program Files\Java\jdk-21
PATH=C:\Program Files\Common Files\Oracle\Java\javapath;C:\Program Files (x86)\Common Files\Oracle\Java\java8path;C:\Program Files (x86)\Common Files\Oracle\Java\javapath;C:\Windows\system32;C:\Windows;C:\Windows\System32\Wbem;C:\Windows\System32\WindowsPowerShell\v1.0\;C:\Windows\System32\OpenSSH\;C:\Program Files\Git\cmd;C:\Program Files\nodejs\;C:\Program Files\dotnet\;C:\msys64\mingw64\bin;C:\Program Files\Microsoft SQL Server\150\Tools\Binn\;C:\Program Files\Microsoft SQL Server\Client SDK\ODBC\170\Tools\Binn\;C:\Program Files (x86)\Windows Kits\10\Windows Performance Toolkit\;C:\Program Files\Docker\Docker\resources\bin;C:\Users\ruse\.jdks\jdk-21_windows-x64_bin\bin;C:\Program Files (x86)\Common Files\Oracle\Java\java8path;C:\Program Files (x86)\Common Files\Oracle\Java\javapath;C:\Windows\system32;C:\Windows;C:\Windows\System32\Wbem;C:\Windows\System32\WindowsPowerShell\v1.0\;C:\Windows\System32\OpenSSH\;C:\Program Files\Git\cmd;C:\Program Files\nodejs\;C:\Program Files\dotnet\;C:\msys64\mingw64\bin;C:\Program Files\Microsoft SQL Server\150\Tools\Binn\;C:\Program Files\Microsoft SQL Server\Client SDK\ODBC\170\Tools\Binn\;C:\Program Files (x86)\Windows Kits\10\Windows Performance Toolkit\;C:\Program Files\Docker\Docker\resources\bin;C:\Users\ruse\.jdks\jdk-21_windows-x64_bin\bin;C:\Program Files (x86)\Common Files\Oracle\Java\java8path;C:\Program Files (x86)\Common Files\Oracle\Java\javapath;C:\Windows\system32;C:\Windows;C:\Windows\System32\Wbem;C:\Windows\System32\WindowsPowerShell\v1.0\;C:\Windows\System32\OpenSSH\;C:\Program Files\Git\cmd;C:\Program Files\nodejs\;C:\Program Files\dotnet\;C:\msys64\mingw64\bin;C:\Program ;C:\Users\ruse\AppData\Local\Docker Labs Debug Tools\bin
USERNAME=ruse
OS=Windows_NT
PROCESSOR_IDENTIFIER=Intel64 Family 6 Model 78 Stepping 3, GenuineIntel
TMP=C:\Users\ruse\AppData\Local\Temp
TEMP=C:\Users\ruse\AppData\Local\Temp




Periodic native trim disabled

---------------  S Y S T E M  ---------------

OS:
 Windows 10 , 64 bit Build 19041 (10.0.19041.5198)
OS uptime: 1 days 14:02 hours
Hyper-V role detected

CPU: total 4 (initial active 4) (2 cores per cpu, 2 threads per core) family 6 model 78 stepping 3 microcode 0xcc, cx8, cmov, fxsr, ht, mmx, 3dnowpref, sse, sse2, sse3, ssse3, sse4.1, sse4.2, popcnt, lzcnt, tsc, tscinvbit, avx, avx2, aes, erms, clmul, bmi1, bmi2, adx, fma, vzeroupper, clflush, clflushopt, hv, rdtscp, f16c
Processor Information for all 4 processors :
  Max Mhz: 2601, Current Mhz: 2600, Mhz Limit: 2574

Memory: 4k page, system-wide physical 8058M (1013M free)
TotalPageFile size 12922M (AvailPageFile size 4798M)
current process WorkingSet (physical memory assigned to process): 167M, peak: 167M
current process commit charge ("private bytes"): 285M, peak: 285M

vm_info: Java HotSpot(TM) 64-Bit Server VM (21.0.5+9-LTS-jvmci-23.1-b48) for windows-amd64 JRE (21.0.5+9-LTS-jvmci-23.1-b48), built on 2024-10-01T10:26:49Z by "OCIWIN28Buildbot" with MS VC++ 17.6 (VS2022)

END.
