#
# A fatal error has been detected by the Java Runtime Environment:
#
#  EXCEPTION_ACCESS_VIOLATION (0xc0000005) at pc=0x00007ff8f2fd6918, pid=11508, tid=1936
#
# JRE version: Java(TM) SE Runtime Environment (21.0.5+9) (build 21.0.5+9-LTS-239)
# Java VM: Java HotSpot(TM) 64-Bit Server VM (21.0.5+9-LTS-239, mixed mode, sharing, tiered, compressed oops, compressed class ptrs, g1 gc, windows-amd64)
# Problematic frame:
# C  [jdwp.dll+0x26918]
#
# No core dump will be written. Minidumps are not enabled by default on client versions of Windows
#
# If you would like to submit a bug report, please visit:
#   https://bugreport.java.com/bugreport/crash.jsp
# The crash happened outside the Java Virtual Machine in native code.
# See problematic frame for where to report the bug.
#

---------------  S U M M A R Y ------------

Command Line: -Ddebugger.agent.enable.coroutines=true -Dkotlinx.coroutines.debug.enable.creation.stack.trace=false -Dkotlinx.coroutines.debug.enable.flows.stack.trace=true -Dkotlinx.coroutines.debug.enable.mutable.state.flows.stack.trace=true -agentlib:jdwp=transport=dt_socket,server=n,suspend=y,address=127.0.0.1:51416 -javaagent:C:\Users\ruse\AppData\Local\JetBrains\IdeaIC2024.3\captureAgent\debugger-agent.jar -Dfile.encoding=UTF-8 -Duser.country=US -Duser.language=en -Duser.variant pack.Main

Host: Intel(R) Core(TM) i7-6500U CPU @ 2.50GHz, 4 cores, 7G,  Windows 10 , 64 bit Build 19041 (10.0.19041.5198)
Time: Sat Jan 11 21:13:50 2025 Romance Standard Time elapsed time: 2.649135 seconds (0d 0h 0m 2s)

---------------  T H R E A D  ---------------

Current thread (0x000002124b2587c0):  JavaThread "main"             [_thread_in_native, id=1936, stack(0x0000002fe0900000,0x0000002fe0a00000) (1024K)]

Stack: [0x0000002fe0900000,0x0000002fe0a00000],  sp=0x0000002fe09fe918,  free space=1018k
Native frames: (J=compiled Java code, j=interpreted, Vv=VM code, C=native code)
C  [jdwp.dll+0x26918]

Java frames: (J=compiled Java code, j=interpreted, Vv=VM code)
j  org.lwjgl.glfw.GLFW.glfwShowWindow(J)V+4
j  pack.windows.Window.init()V+228
j  pack.windows.Window.run()V+23
j  pack.Main.main([Ljava/lang/String;)V+5
v  ~StubRoutines::call_stub 0x000002125ac1100d

siginfo: EXCEPTION_ACCESS_VIOLATION (0xc0000005), reading address 0xffffffffffffffff


Registers:
RAX=0x0000021271dac760, RBX=0x000002124907a950, RCX=0x000002124b258b78, RDX=0x000002124907a950
RSP=0x0000002fe09fe918, RBP=0x0000000000000002, RSI=0x0000002fe09fe9c0, RDI=0x000002124b258b78
R8 =0x0000000000010002, R9 =0x0000000000000000, R10=0x00007ff8e6210000, R11=0x0000002fe09fe8e8
R12=0x0000000000000007, R13=0x000002124907a950, R14=0x00007ff8f2fe0400, R15=0x0000000000000000
RIP=0x00007ff8f2fd6918, EFLAGS=0x0000000000010202


Register to memory mapping:

RAX=0x0000021271dac760 points into unknown readable memory: 0x0000000000000000 | 00 00 00 00 00 00 00 00
RBX=0x000002124907a950 points into unknown readable memory: 0x0000000088f1ed78 | 78 ed f1 88 00 00 00 00
RCX=0x000002124b258b78 points into unknown readable memory: 0x0000021271dac760 | 60 c7 da 71 12 02 00 00
RDX=0x000002124907a950 points into unknown readable memory: 0x0000000088f1ed78 | 78 ed f1 88 00 00 00 00
RSP=0x0000002fe09fe918 is pointing into the stack for thread: 0x000002124b2587c0
RBP=0x0000000000000002 is an unknown value
RSI=0x0000002fe09fe9c0 is pointing into the stack for thread: 0x000002124b2587c0
RDI=0x000002124b258b78 points into unknown readable memory: 0x0000021271dac760 | 60 c7 da 71 12 02 00 00
R8 =0x0000000000010002 is an unknown value
R9 =0x0 is null
R10=0x00007ff8e6210000 VCRUNTIME140.dll
R11=0x0000002fe09fe8e8 is pointing into the stack for thread: 0x000002124b2587c0
R12=0x0000000000000007 is an unknown value
R13=0x000002124907a950 points into unknown readable memory: 0x0000000088f1ed78 | 78 ed f1 88 00 00 00 00
R14=0x00007ff8f2fe0400 jdwp.dll
R15=0x0 is null

Top of Stack: (sp=0x0000002fe09fe918)
0x0000002fe09fe918:   00007ff8f2fc61bf 000002124907a950
0x0000002fe09fe928:   0000002fe09fe9c0 0000000000000000
0x0000002fe09fe938:   0000000000000000 000002126c3ecf88
0x0000002fe09fe948:   0000000000000020 0000021249057ff0
0x0000002fe09fe958:   00007ff8f2fe0428 000002124b258d90
0x0000002fe09fe968:   00007ff8f2fc283f 000002124907a950
0x0000002fe09fe978:   0000000000000002 000002124b258b78
0x0000002fe09fe988:   000002124907a958 00000212672f1fc0
0x0000002fe09fe998:   00007ff89efc58e5 00000212674d7278
0x0000002fe09fe9a8:   00000212672f1fc0 0000000000000000
0x0000002fe09fe9b8:   0000000bffffffff 0000000000000007
0x0000002fe09fe9c8:   000002124907a950 0000000000000000
0x0000002fe09fe9d8:   000002124907a958 0000000000000000
0x0000002fe09fe9e8:   0000000000000000 0000000000000000
0x0000002fe09fe9f8:   0000000000000000 0000000000000000
0x0000002fe09fea08:   0000000000000000 0000000000000000
0x0000002fe09fea18:   000002124b258d90 000002120108b528
0x0000002fe09fea28:   00007ff89f2b8cb7 000002124907a958
0x0000002fe09fea38:   0000021267599c80 000002124b2587c0
0x0000002fe09fea48:   00000000000003d8 0000000000000000
0x0000002fe09fea58:   000002124b256fe0 0000002fe09febd0
0x0000002fe09fea68:   0000000000000005 000002120108b528
0x0000002fe09fea78:   00007ff89efc3982 0000fc761a5cbbd1
0x0000002fe09fea88:   0000021200613ea0 00000212490460c0
0x0000002fe09fea98:   000002124b258e20 000002124b258e30
0x0000002fe09feaa8:   000002124b259208 00000000000003d8
0x0000002fe09feab8:   000002124b2587c0 000002124b2587c0
0x0000002fe09feac8:   0000021249045b40 000002124906a390
0x0000002fe09fead8:   000002124906a3b8 000002124906a478
0x0000002fe09feae8:   00000000000000d8 0000002fe09feb00
0x0000002fe09feaf8:   00007ff89f3c9ca3 000002124b2587c0
0x0000002fe09feb08:   0000021249045b40 000002124906a390 

Instructions: (pc=0x00007ff8f2fd6918)
0x00007ff8f2fd6818:   05 e3 08 01 00 48 8b 03 48 8b d7 4d 8b 40 30 48
0x00007ff8f2fd6828:   8b cb 48 8b 5c 24 30 48 83 c4 20 5f 48 ff a0 00
0x00007ff8f2fd6838:   01 00 00 cc 48 89 5c 24 08 57 48 83 ec 20 48 8b
0x00007ff8f2fd6848:   f9 e8 f2 ea ff ff 4c 8b 05 ab 08 01 00 48 8b d8
0x00007ff8f2fd6858:   41 f6 80 10 02 00 00 02 74 33 41 b8 20 06 00 00
0x00007ff8f2fd6868:   48 8d 15 19 c4 00 00 48 8d 0d 8e 5b 00 00 e8 d9
0x00007ff8f2fd6878:   48 ff ff 48 8d 15 56 9a 00 00 48 8d 0d 8f 5b 00
0x00007ff8f2fd6888:   00 e8 6e 49 ff ff 4c 8b 05 6b 08 01 00 48 8b 03
0x00007ff8f2fd6898:   48 8b d7 4d 8b 40 38 48 8b cb 48 8b 5c 24 30 48
0x00007ff8f2fd68a8:   83 c4 20 5f 48 ff a0 00 01 00 00 cc 48 89 5c 24
0x00007ff8f2fd68b8:   08 57 48 83 ec 20 48 8b f9 e8 7a ea ff ff 48 8b
0x00007ff8f2fd68c8:   15 33 08 01 00 48 8b d8 f6 82 10 02 00 00 02 74
0x00007ff8f2fd68d8:   2c 41 b8 12 06 00 00 48 8d 15 a2 c3 00 00 48 8d
0x00007ff8f2fd68e8:   0d 17 5b 00 00 e8 62 48 ff ff 48 8d 15 f7 6b 00
0x00007ff8f2fd68f8:   00 48 8d 0d 18 5b 00 00 e8 f7 48 ff ff 48 8b 03
0x00007ff8f2fd6908:   48 8b d7 48 8b cb 48 8b 5c 24 30 48 83 c4 20 5f
0x00007ff8f2fd6918:   48 ff a0 50 07 00 00 cc 48 89 5c 24 08 48 89 74
0x00007ff8f2fd6928:   24 10 48 89 7c 24 18 41 56 48 83 ec 20 4c 63 f2
0x00007ff8f2fd6938:   49 8b d8 48 8b d1 41 8b f9 48 8b cb 4d 8d 46 ff
0x00007ff8f2fd6948:   ff 15 22 59 00 00 85 c0 75 3c 41 0f be 44 1e ff
0x00007ff8f2fd6958:   3b c7 75 32 49 03 de eb 10 0f be c8 ff 15 f6 58
0x00007ff8f2fd6968:   00 00 85 c0 74 09 48 ff c3 8a 03 84 c0 75 ea 80
0x00007ff8f2fd6978:   3b 3b 74 12 8b d7 48 8b cb e8 2c 4b 00 00 48 85
0x00007ff8f2fd6988:   c0 0f 94 c0 eb 02 32 c0 48 8b 5c 24 30 48 8b 74
0x00007ff8f2fd6998:   24 38 48 8b 7c 24 40 48 83 c4 20 41 5e c3 cc cc
0x00007ff8f2fd69a8:   0f b6 d1 83 fa 1e 0f 87 83 00 00 00 74 7b 83 fa
0x00007ff8f2fd69b8:   07 77 41 74 39 83 ea 01 74 2e 83 ea 01 74 23 83
0x00007ff8f2fd69c8:   ea 01 74 18 83 ea 01 74 0d 83 fa 02 0f 85 8a 00
0x00007ff8f2fd69d8:   00 00 8d 42 03 c3 b8 04 00 00 00 c3 b8 03 00 00
0x00007ff8f2fd69e8:   00 c3 b8 02 00 00 00 c3 b8 01 00 00 00 c3 b8 06
0x00007ff8f2fd69f8:   00 00 00 c3 b8 08 00 00 00 2b d0 74 26 83 ea 01
0x00007ff8f2fd6a08:   0f 84 88 00 00 00 83 ea 01 74 12 b8 0a 00 00 00 


Stack slot to memory mapping:

stack at sp + 0 slots: 0x00007ff8f2fc61bf jdwp.dll
stack at sp + 1 slots: 0x000002124907a950 points into unknown readable memory: 0x0000000088f1ed78 | 78 ed f1 88 00 00 00 00
stack at sp + 2 slots: 0x0000002fe09fe9c0 is pointing into the stack for thread: 0x000002124b2587c0
stack at sp + 3 slots: 0x0 is null
stack at sp + 4 slots: 0x0 is null
stack at sp + 5 slots: 0x000002126c3ecf88 points into unknown readable memory: 0x0000021249057f80 | 80 7f 05 49 12 02 00 00
stack at sp + 6 slots: 0x0000000000000020 is an unknown value
stack at sp + 7 slots: 0x0000021249057ff0 points into unknown readable memory: 0x8000001200000001 | 01 00 00 00 12 00 00 80


---------------  P R O C E S S  ---------------

Threads class SMR info:
_java_thread_list=0x00000212676d5120, length=14, elements={
0x000002124b2587c0, 0x00000212672f6d90, 0x00000212672fa9b0, 0x00000212672fd5d0,
0x00000212672fe020, 0x00000212672fec20, 0x00000212672ff820, 0x0000021267304be0,
0x0000021267310d30, 0x00000212672c76e0, 0x00000212676e5780, 0x00000212676e5e00,
0x00000212676e6480, 0x000002126786c4b0
}

Java Threads: ( => current thread )
=>0x000002124b2587c0 JavaThread "main"                              [_thread_in_native, id=1936, stack(0x0000002fe0900000,0x0000002fe0a00000) (1024K)]
  0x00000212672f6d90 JavaThread "Reference Handler"          daemon [_thread_blocked, id=12720, stack(0x0000002fe1100000,0x0000002fe1200000) (1024K)]
  0x00000212672fa9b0 JavaThread "Finalizer"                  daemon [_thread_blocked, id=8080, stack(0x0000002fe1200000,0x0000002fe1300000) (1024K)]
  0x00000212672fd5d0 JavaThread "Signal Dispatcher"          daemon [_thread_blocked, id=836, stack(0x0000002fe1300000,0x0000002fe1400000) (1024K)]
  0x00000212672fe020 JavaThread "Attach Listener"            daemon [_thread_blocked, id=15332, stack(0x0000002fe1400000,0x0000002fe1500000) (1024K)]
  0x00000212672fec20 JavaThread "Service Thread"             daemon [_thread_blocked, id=736, stack(0x0000002fe1500000,0x0000002fe1600000) (1024K)]
  0x00000212672ff820 JavaThread "Monitor Deflation Thread"   daemon [_thread_blocked, id=8096, stack(0x0000002fe1600000,0x0000002fe1700000) (1024K)]
  0x0000021267304be0 JavaThread "C2 CompilerThread0"         daemon [_thread_blocked, id=12276, stack(0x0000002fe1700000,0x0000002fe1800000) (1024K)]
  0x0000021267310d30 JavaThread "C1 CompilerThread0"         daemon [_thread_blocked, id=5800, stack(0x0000002fe1800000,0x0000002fe1900000) (1024K)]
  0x00000212672c76e0 JavaThread "Common-Cleaner"             daemon [_thread_blocked, id=4032, stack(0x0000002fe1900000,0x0000002fe1a00000) (1024K)]
  0x00000212676e5780 JavaThread "JDWP Transport Listener: dt_socket" daemon [_thread_blocked, id=1800, stack(0x0000002fe1b00000,0x0000002fe1c00000) (1024K)]
  0x00000212676e5e00 JavaThread "JDWP Event Helper Thread"   daemon [_thread_blocked, id=4772, stack(0x0000002fe1c00000,0x0000002fe1d00000) (1024K)]
  0x00000212676e6480 JavaThread "JDWP Command Reader"        daemon [_thread_in_native, id=13716, stack(0x0000002fe1d00000,0x0000002fe1e00000) (1024K)]
  0x000002126786c4b0 JavaThread "Notification Thread"        daemon [_thread_blocked, id=344, stack(0x0000002fe1a00000,0x0000002fe1b00000) (1024K)]
Total: 14

Other Threads:
  0x00000212672db390 VMThread "VM Thread"                           [id=7776, stack(0x0000002fe1000000,0x0000002fe1100000) (1024K)]
  0x00000212672c62d0 WatcherThread "VM Periodic Task Thread"        [id=13892, stack(0x0000002fe0f00000,0x0000002fe1000000) (1024K)]
  0x000002124b2b0cb0 WorkerThread "GC Thread#0"                     [id=12572, stack(0x0000002fe0a00000,0x0000002fe0b00000) (1024K)]
  0x000002126c38cc20 WorkerThread "GC Thread#1"                     [id=1944, stack(0x0000002fe2400000,0x0000002fe2500000) (1024K)]
  0x0000021271c85df0 WorkerThread "GC Thread#2"                     [id=14480, stack(0x0000002fe2500000,0x0000002fe2600000) (1024K)]
  0x0000021271bf84e0 WorkerThread "GC Thread#3"                     [id=4904, stack(0x0000002fe2600000,0x0000002fe2700000) (1024K)]
  0x000002124b2bf1f0 ConcurrentGCThread "G1 Main Marker"            [id=6804, stack(0x0000002fe0b00000,0x0000002fe0c00000) (1024K)]
  0x000002124912dee0 WorkerThread "G1 Conc#0"                       [id=3760, stack(0x0000002fe0c00000,0x0000002fe0d00000) (1024K)]
  0x000002124b31e110 ConcurrentGCThread "G1 Refine#0"               [id=2596, stack(0x0000002fe0d00000,0x0000002fe0e00000) (1024K)]
  0x000002124b31eb90 ConcurrentGCThread "G1 Service"                [id=14120, stack(0x0000002fe0e00000,0x0000002fe0f00000) (1024K)]
Total: 10

Threads with active compile tasks:
Total: 0

VM state: not at safepoint (normal execution)

VM Mutex/Monitor currently owned by a thread: None

Heap address: 0x0000000082000000, size: 2016 MB, Compressed Oops mode: 32-bit

CDS archive(s) mapped at: [0x0000021200000000-0x0000021200c90000-0x0000021200c90000), size 13172736, SharedBaseAddress: 0x0000021200000000, ArchiveRelocationMode: 1.
Compressed class space mapped at: 0x0000021201000000-0x0000021241000000, reserved size: 1073741824
Narrow klass base: 0x0000021200000000, Narrow klass shift: 0, Narrow klass range: 0x100000000

GC Precious Log:
 CardTable entry size: 512
 Card Set container configuration: InlinePtr #cards 5 size 8 Array Of Cards #cards 12 size 40 Howl #buckets 4 coarsen threshold 1843 Howl Bitmap #cards 512 size 80 coarsen threshold 460 Card regions per heap region 1 cards per card region 2048
 CPUs: 4 total, 4 available
 Memory: 8058M
 Large Page Support: Disabled
 NUMA Support: Disabled
 Compressed Oops: Enabled (32-bit)
 Heap Region Size: 1M
 Heap Min Capacity: 8M
 Heap Initial Capacity: 126M
 Heap Max Capacity: 2016M
 Pre-touch: Disabled
 Parallel Workers: 4
 Concurrent Workers: 1
 Concurrent Refinement Workers: 4
 Periodic GC: Disabled

Heap:
 garbage-first heap   total 129024K, used 6505K [0x0000000082000000, 0x0000000100000000)
  region size 1024K, 8 young (8192K), 2 survivors (2048K)
 Metaspace       used 7741K, committed 7936K, reserved 1114112K
  class space    used 496K, committed 576K, reserved 1048576K

Heap Regions: E=young(eden), S=young(survivor), O=old, HS=humongous(starts), HC=humongous(continues), CS=collection set, F=free, TAMS=top-at-mark-start, PB=parsable bottom
|   0|0x0000000082000000, 0x000000008205a760, 0x0000000082100000| 35%| O|  |TAMS 0x0000000082000000| PB 0x0000000082000000| Untracked 
|   1|0x0000000082100000, 0x0000000082100000, 0x0000000082200000|  0%| F|  |TAMS 0x0000000082100000| PB 0x0000000082100000| Untracked 
|   2|0x0000000082200000, 0x0000000082200000, 0x0000000082300000|  0%| F|  |TAMS 0x0000000082200000| PB 0x0000000082200000| Untracked 
|   3|0x0000000082300000, 0x0000000082300000, 0x0000000082400000|  0%| F|  |TAMS 0x0000000082300000| PB 0x0000000082300000| Untracked 
|   4|0x0000000082400000, 0x0000000082400000, 0x0000000082500000|  0%| F|  |TAMS 0x0000000082400000| PB 0x0000000082400000| Untracked 
|   5|0x0000000082500000, 0x0000000082500000, 0x0000000082600000|  0%| F|  |TAMS 0x0000000082500000| PB 0x0000000082500000| Untracked 
|   6|0x0000000082600000, 0x0000000082600000, 0x0000000082700000|  0%| F|  |TAMS 0x0000000082600000| PB 0x0000000082600000| Untracked 
|   7|0x0000000082700000, 0x0000000082700000, 0x0000000082800000|  0%| F|  |TAMS 0x0000000082700000| PB 0x0000000082700000| Untracked 
|   8|0x0000000082800000, 0x0000000082800000, 0x0000000082900000|  0%| F|  |TAMS 0x0000000082800000| PB 0x0000000082800000| Untracked 
|   9|0x0000000082900000, 0x0000000082900000, 0x0000000082a00000|  0%| F|  |TAMS 0x0000000082900000| PB 0x0000000082900000| Untracked 
|  10|0x0000000082a00000, 0x0000000082a00000, 0x0000000082b00000|  0%| F|  |TAMS 0x0000000082a00000| PB 0x0000000082a00000| Untracked 
|  11|0x0000000082b00000, 0x0000000082b00000, 0x0000000082c00000|  0%| F|  |TAMS 0x0000000082b00000| PB 0x0000000082b00000| Untracked 
|  12|0x0000000082c00000, 0x0000000082c00000, 0x0000000082d00000|  0%| F|  |TAMS 0x0000000082c00000| PB 0x0000000082c00000| Untracked 
|  13|0x0000000082d00000, 0x0000000082d00000, 0x0000000082e00000|  0%| F|  |TAMS 0x0000000082d00000| PB 0x0000000082d00000| Untracked 
|  14|0x0000000082e00000, 0x0000000082e00000, 0x0000000082f00000|  0%| F|  |TAMS 0x0000000082e00000| PB 0x0000000082e00000| Untracked 
|  15|0x0000000082f00000, 0x0000000082f00000, 0x0000000083000000|  0%| F|  |TAMS 0x0000000082f00000| PB 0x0000000082f00000| Untracked 
|  16|0x0000000083000000, 0x0000000083000000, 0x0000000083100000|  0%| F|  |TAMS 0x0000000083000000| PB 0x0000000083000000| Untracked 
|  17|0x0000000083100000, 0x0000000083100000, 0x0000000083200000|  0%| F|  |TAMS 0x0000000083100000| PB 0x0000000083100000| Untracked 
|  18|0x0000000083200000, 0x0000000083200000, 0x0000000083300000|  0%| F|  |TAMS 0x0000000083200000| PB 0x0000000083200000| Untracked 
|  19|0x0000000083300000, 0x0000000083300000, 0x0000000083400000|  0%| F|  |TAMS 0x0000000083300000| PB 0x0000000083300000| Untracked 
|  20|0x0000000083400000, 0x0000000083400000, 0x0000000083500000|  0%| F|  |TAMS 0x0000000083400000| PB 0x0000000083400000| Untracked 
|  21|0x0000000083500000, 0x0000000083500000, 0x0000000083600000|  0%| F|  |TAMS 0x0000000083500000| PB 0x0000000083500000| Untracked 
|  22|0x0000000083600000, 0x0000000083600000, 0x0000000083700000|  0%| F|  |TAMS 0x0000000083600000| PB 0x0000000083600000| Untracked 
|  23|0x0000000083700000, 0x0000000083700000, 0x0000000083800000|  0%| F|  |TAMS 0x0000000083700000| PB 0x0000000083700000| Untracked 
|  24|0x0000000083800000, 0x0000000083800000, 0x0000000083900000|  0%| F|  |TAMS 0x0000000083800000| PB 0x0000000083800000| Untracked 
|  25|0x0000000083900000, 0x0000000083900000, 0x0000000083a00000|  0%| F|  |TAMS 0x0000000083900000| PB 0x0000000083900000| Untracked 
|  26|0x0000000083a00000, 0x0000000083a00000, 0x0000000083b00000|  0%| F|  |TAMS 0x0000000083a00000| PB 0x0000000083a00000| Untracked 
|  27|0x0000000083b00000, 0x0000000083b00000, 0x0000000083c00000|  0%| F|  |TAMS 0x0000000083b00000| PB 0x0000000083b00000| Untracked 
|  28|0x0000000083c00000, 0x0000000083c00000, 0x0000000083d00000|  0%| F|  |TAMS 0x0000000083c00000| PB 0x0000000083c00000| Untracked 
|  29|0x0000000083d00000, 0x0000000083d00000, 0x0000000083e00000|  0%| F|  |TAMS 0x0000000083d00000| PB 0x0000000083d00000| Untracked 
|  30|0x0000000083e00000, 0x0000000083e00000, 0x0000000083f00000|  0%| F|  |TAMS 0x0000000083e00000| PB 0x0000000083e00000| Untracked 
|  31|0x0000000083f00000, 0x0000000083f00000, 0x0000000084000000|  0%| F|  |TAMS 0x0000000083f00000| PB 0x0000000083f00000| Untracked 
|  32|0x0000000084000000, 0x0000000084000000, 0x0000000084100000|  0%| F|  |TAMS 0x0000000084000000| PB 0x0000000084000000| Untracked 
|  33|0x0000000084100000, 0x0000000084100000, 0x0000000084200000|  0%| F|  |TAMS 0x0000000084100000| PB 0x0000000084100000| Untracked 
|  34|0x0000000084200000, 0x0000000084200000, 0x0000000084300000|  0%| F|  |TAMS 0x0000000084200000| PB 0x0000000084200000| Untracked 
|  35|0x0000000084300000, 0x0000000084300000, 0x0000000084400000|  0%| F|  |TAMS 0x0000000084300000| PB 0x0000000084300000| Untracked 
|  36|0x0000000084400000, 0x0000000084400000, 0x0000000084500000|  0%| F|  |TAMS 0x0000000084400000| PB 0x0000000084400000| Untracked 
|  37|0x0000000084500000, 0x0000000084500000, 0x0000000084600000|  0%| F|  |TAMS 0x0000000084500000| PB 0x0000000084500000| Untracked 
|  38|0x0000000084600000, 0x0000000084600000, 0x0000000084700000|  0%| F|  |TAMS 0x0000000084600000| PB 0x0000000084600000| Untracked 
|  39|0x0000000084700000, 0x0000000084700000, 0x0000000084800000|  0%| F|  |TAMS 0x0000000084700000| PB 0x0000000084700000| Untracked 
|  40|0x0000000084800000, 0x0000000084800000, 0x0000000084900000|  0%| F|  |TAMS 0x0000000084800000| PB 0x0000000084800000| Untracked 
|  41|0x0000000084900000, 0x0000000084900000, 0x0000000084a00000|  0%| F|  |TAMS 0x0000000084900000| PB 0x0000000084900000| Untracked 
|  42|0x0000000084a00000, 0x0000000084a00000, 0x0000000084b00000|  0%| F|  |TAMS 0x0000000084a00000| PB 0x0000000084a00000| Untracked 
|  43|0x0000000084b00000, 0x0000000084b00000, 0x0000000084c00000|  0%| F|  |TAMS 0x0000000084b00000| PB 0x0000000084b00000| Untracked 
|  44|0x0000000084c00000, 0x0000000084c00000, 0x0000000084d00000|  0%| F|  |TAMS 0x0000000084c00000| PB 0x0000000084c00000| Untracked 
|  45|0x0000000084d00000, 0x0000000084d00000, 0x0000000084e00000|  0%| F|  |TAMS 0x0000000084d00000| PB 0x0000000084d00000| Untracked 
|  46|0x0000000084e00000, 0x0000000084e00000, 0x0000000084f00000|  0%| F|  |TAMS 0x0000000084e00000| PB 0x0000000084e00000| Untracked 
|  47|0x0000000084f00000, 0x0000000084f00000, 0x0000000085000000|  0%| F|  |TAMS 0x0000000084f00000| PB 0x0000000084f00000| Untracked 
|  48|0x0000000085000000, 0x0000000085000000, 0x0000000085100000|  0%| F|  |TAMS 0x0000000085000000| PB 0x0000000085000000| Untracked 
|  49|0x0000000085100000, 0x0000000085100000, 0x0000000085200000|  0%| F|  |TAMS 0x0000000085100000| PB 0x0000000085100000| Untracked 
|  50|0x0000000085200000, 0x0000000085200000, 0x0000000085300000|  0%| F|  |TAMS 0x0000000085200000| PB 0x0000000085200000| Untracked 
|  51|0x0000000085300000, 0x0000000085300000, 0x0000000085400000|  0%| F|  |TAMS 0x0000000085300000| PB 0x0000000085300000| Untracked 
|  52|0x0000000085400000, 0x0000000085400000, 0x0000000085500000|  0%| F|  |TAMS 0x0000000085400000| PB 0x0000000085400000| Untracked 
|  53|0x0000000085500000, 0x0000000085500000, 0x0000000085600000|  0%| F|  |TAMS 0x0000000085500000| PB 0x0000000085500000| Untracked 
|  54|0x0000000085600000, 0x0000000085600000, 0x0000000085700000|  0%| F|  |TAMS 0x0000000085600000| PB 0x0000000085600000| Untracked 
|  55|0x0000000085700000, 0x0000000085700000, 0x0000000085800000|  0%| F|  |TAMS 0x0000000085700000| PB 0x0000000085700000| Untracked 
|  56|0x0000000085800000, 0x0000000085800000, 0x0000000085900000|  0%| F|  |TAMS 0x0000000085800000| PB 0x0000000085800000| Untracked 
|  57|0x0000000085900000, 0x0000000085900000, 0x0000000085a00000|  0%| F|  |TAMS 0x0000000085900000| PB 0x0000000085900000| Untracked 
|  58|0x0000000085a00000, 0x0000000085a00000, 0x0000000085b00000|  0%| F|  |TAMS 0x0000000085a00000| PB 0x0000000085a00000| Untracked 
|  59|0x0000000085b00000, 0x0000000085b00000, 0x0000000085c00000|  0%| F|  |TAMS 0x0000000085b00000| PB 0x0000000085b00000| Untracked 
|  60|0x0000000085c00000, 0x0000000085c00000, 0x0000000085d00000|  0%| F|  |TAMS 0x0000000085c00000| PB 0x0000000085c00000| Untracked 
|  61|0x0000000085d00000, 0x0000000085d00000, 0x0000000085e00000|  0%| F|  |TAMS 0x0000000085d00000| PB 0x0000000085d00000| Untracked 
|  62|0x0000000085e00000, 0x0000000085e00000, 0x0000000085f00000|  0%| F|  |TAMS 0x0000000085e00000| PB 0x0000000085e00000| Untracked 
|  63|0x0000000085f00000, 0x0000000085f00000, 0x0000000086000000|  0%| F|  |TAMS 0x0000000085f00000| PB 0x0000000085f00000| Untracked 
|  64|0x0000000086000000, 0x0000000086000000, 0x0000000086100000|  0%| F|  |TAMS 0x0000000086000000| PB 0x0000000086000000| Untracked 
|  65|0x0000000086100000, 0x0000000086100000, 0x0000000086200000|  0%| F|  |TAMS 0x0000000086100000| PB 0x0000000086100000| Untracked 
|  66|0x0000000086200000, 0x0000000086200000, 0x0000000086300000|  0%| F|  |TAMS 0x0000000086200000| PB 0x0000000086200000| Untracked 
|  67|0x0000000086300000, 0x0000000086300000, 0x0000000086400000|  0%| F|  |TAMS 0x0000000086300000| PB 0x0000000086300000| Untracked 
|  68|0x0000000086400000, 0x0000000086400000, 0x0000000086500000|  0%| F|  |TAMS 0x0000000086400000| PB 0x0000000086400000| Untracked 
|  69|0x0000000086500000, 0x0000000086500000, 0x0000000086600000|  0%| F|  |TAMS 0x0000000086500000| PB 0x0000000086500000| Untracked 
|  70|0x0000000086600000, 0x0000000086600000, 0x0000000086700000|  0%| F|  |TAMS 0x0000000086600000| PB 0x0000000086600000| Untracked 
|  71|0x0000000086700000, 0x0000000086700000, 0x0000000086800000|  0%| F|  |TAMS 0x0000000086700000| PB 0x0000000086700000| Untracked 
|  72|0x0000000086800000, 0x0000000086800000, 0x0000000086900000|  0%| F|  |TAMS 0x0000000086800000| PB 0x0000000086800000| Untracked 
|  73|0x0000000086900000, 0x0000000086900000, 0x0000000086a00000|  0%| F|  |TAMS 0x0000000086900000| PB 0x0000000086900000| Untracked 
|  74|0x0000000086a00000, 0x0000000086a00000, 0x0000000086b00000|  0%| F|  |TAMS 0x0000000086a00000| PB 0x0000000086a00000| Untracked 
|  75|0x0000000086b00000, 0x0000000086b00000, 0x0000000086c00000|  0%| F|  |TAMS 0x0000000086b00000| PB 0x0000000086b00000| Untracked 
|  76|0x0000000086c00000, 0x0000000086c00000, 0x0000000086d00000|  0%| F|  |TAMS 0x0000000086c00000| PB 0x0000000086c00000| Untracked 
|  77|0x0000000086d00000, 0x0000000086d00000, 0x0000000086e00000|  0%| F|  |TAMS 0x0000000086d00000| PB 0x0000000086d00000| Untracked 
|  78|0x0000000086e00000, 0x0000000086e00000, 0x0000000086f00000|  0%| F|  |TAMS 0x0000000086e00000| PB 0x0000000086e00000| Untracked 
|  79|0x0000000086f00000, 0x0000000086f00000, 0x0000000087000000|  0%| F|  |TAMS 0x0000000086f00000| PB 0x0000000086f00000| Untracked 
|  80|0x0000000087000000, 0x0000000087000000, 0x0000000087100000|  0%| F|  |TAMS 0x0000000087000000| PB 0x0000000087000000| Untracked 
|  81|0x0000000087100000, 0x0000000087100000, 0x0000000087200000|  0%| F|  |TAMS 0x0000000087100000| PB 0x0000000087100000| Untracked 
|  82|0x0000000087200000, 0x0000000087200000, 0x0000000087300000|  0%| F|  |TAMS 0x0000000087200000| PB 0x0000000087200000| Untracked 
|  83|0x0000000087300000, 0x0000000087300000, 0x0000000087400000|  0%| F|  |TAMS 0x0000000087300000| PB 0x0000000087300000| Untracked 
|  84|0x0000000087400000, 0x0000000087400000, 0x0000000087500000|  0%| F|  |TAMS 0x0000000087400000| PB 0x0000000087400000| Untracked 
|  85|0x0000000087500000, 0x0000000087500000, 0x0000000087600000|  0%| F|  |TAMS 0x0000000087500000| PB 0x0000000087500000| Untracked 
|  86|0x0000000087600000, 0x0000000087600000, 0x0000000087700000|  0%| F|  |TAMS 0x0000000087600000| PB 0x0000000087600000| Untracked 
|  87|0x0000000087700000, 0x0000000087700000, 0x0000000087800000|  0%| F|  |TAMS 0x0000000087700000| PB 0x0000000087700000| Untracked 
|  88|0x0000000087800000, 0x0000000087800000, 0x0000000087900000|  0%| F|  |TAMS 0x0000000087800000| PB 0x0000000087800000| Untracked 
|  89|0x0000000087900000, 0x0000000087900000, 0x0000000087a00000|  0%| F|  |TAMS 0x0000000087900000| PB 0x0000000087900000| Untracked 
|  90|0x0000000087a00000, 0x0000000087a00000, 0x0000000087b00000|  0%| F|  |TAMS 0x0000000087a00000| PB 0x0000000087a00000| Untracked 
|  91|0x0000000087b00000, 0x0000000087b00000, 0x0000000087c00000|  0%| F|  |TAMS 0x0000000087b00000| PB 0x0000000087b00000| Untracked 
|  92|0x0000000087c00000, 0x0000000087c00000, 0x0000000087d00000|  0%| F|  |TAMS 0x0000000087c00000| PB 0x0000000087c00000| Untracked 
|  93|0x0000000087d00000, 0x0000000087d00000, 0x0000000087e00000|  0%| F|  |TAMS 0x0000000087d00000| PB 0x0000000087d00000| Untracked 
|  94|0x0000000087e00000, 0x0000000087e00000, 0x0000000087f00000|  0%| F|  |TAMS 0x0000000087e00000| PB 0x0000000087e00000| Untracked 
|  95|0x0000000087f00000, 0x0000000087f00000, 0x0000000088000000|  0%| F|  |TAMS 0x0000000087f00000| PB 0x0000000087f00000| Untracked 
|  96|0x0000000088000000, 0x0000000088000000, 0x0000000088100000|  0%| F|  |TAMS 0x0000000088000000| PB 0x0000000088000000| Untracked 
|  97|0x0000000088100000, 0x0000000088100000, 0x0000000088200000|  0%| F|  |TAMS 0x0000000088100000| PB 0x0000000088100000| Untracked 
|  98|0x0000000088200000, 0x0000000088200000, 0x0000000088300000|  0%| F|  |TAMS 0x0000000088200000| PB 0x0000000088200000| Untracked 
|  99|0x0000000088300000, 0x0000000088300000, 0x0000000088400000|  0%| F|  |TAMS 0x0000000088300000| PB 0x0000000088300000| Untracked 
| 100|0x0000000088400000, 0x0000000088400000, 0x0000000088500000|  0%| F|  |TAMS 0x0000000088400000| PB 0x0000000088400000| Untracked 
| 101|0x0000000088500000, 0x0000000088500000, 0x0000000088600000|  0%| F|  |TAMS 0x0000000088500000| PB 0x0000000088500000| Untracked 
| 102|0x0000000088600000, 0x0000000088600000, 0x0000000088700000|  0%| F|  |TAMS 0x0000000088600000| PB 0x0000000088600000| Untracked 
| 103|0x0000000088700000, 0x0000000088700000, 0x0000000088800000|  0%| F|  |TAMS 0x0000000088700000| PB 0x0000000088700000| Untracked 
| 104|0x0000000088800000, 0x0000000088800000, 0x0000000088900000|  0%| F|  |TAMS 0x0000000088800000| PB 0x0000000088800000| Untracked 
| 105|0x0000000088900000, 0x0000000088900000, 0x0000000088a00000|  0%| F|  |TAMS 0x0000000088900000| PB 0x0000000088900000| Untracked 
| 106|0x0000000088a00000, 0x0000000088a00000, 0x0000000088b00000|  0%| F|  |TAMS 0x0000000088a00000| PB 0x0000000088a00000| Untracked 
| 107|0x0000000088b00000, 0x0000000088b00000, 0x0000000088c00000|  0%| F|  |TAMS 0x0000000088b00000| PB 0x0000000088b00000| Untracked 
| 108|0x0000000088c00000, 0x0000000088c00000, 0x0000000088d00000|  0%| F|  |TAMS 0x0000000088c00000| PB 0x0000000088c00000| Untracked 
| 109|0x0000000088d00000, 0x0000000088d00000, 0x0000000088e00000|  0%| F|  |TAMS 0x0000000088d00000| PB 0x0000000088d00000| Untracked 
| 110|0x0000000088e00000, 0x0000000088e00000, 0x0000000088f00000|  0%| F|  |TAMS 0x0000000088e00000| PB 0x0000000088e00000| Untracked 
| 111|0x0000000088f00000, 0x0000000089000000, 0x0000000089000000|100%| S|CS|TAMS 0x0000000088f00000| PB 0x0000000088f00000| Complete 
| 112|0x0000000089000000, 0x0000000089100000, 0x0000000089100000|100%| S|CS|TAMS 0x0000000089000000| PB 0x0000000089000000| Complete 
| 113|0x0000000089100000, 0x0000000089100000, 0x0000000089200000|  0%| F|  |TAMS 0x0000000089100000| PB 0x0000000089100000| Untracked 
| 114|0x0000000089200000, 0x0000000089200000, 0x0000000089300000|  0%| F|  |TAMS 0x0000000089200000| PB 0x0000000089200000| Untracked 
| 115|0x0000000089300000, 0x0000000089300000, 0x0000000089400000|  0%| F|  |TAMS 0x0000000089300000| PB 0x0000000089300000| Untracked 
| 116|0x0000000089400000, 0x0000000089400000, 0x0000000089500000|  0%| F|  |TAMS 0x0000000089400000| PB 0x0000000089400000| Untracked 
| 117|0x0000000089500000, 0x0000000089500000, 0x0000000089600000|  0%| F|  |TAMS 0x0000000089500000| PB 0x0000000089500000| Untracked 
| 118|0x0000000089600000, 0x0000000089600000, 0x0000000089700000|  0%| F|  |TAMS 0x0000000089600000| PB 0x0000000089600000| Untracked 
| 119|0x0000000089700000, 0x0000000089700000, 0x0000000089800000|  0%| F|  |TAMS 0x0000000089700000| PB 0x0000000089700000| Untracked 
| 120|0x0000000089800000, 0x0000000089900000, 0x0000000089900000|100%| E|  |TAMS 0x0000000089800000| PB 0x0000000089800000| Complete 
| 121|0x0000000089900000, 0x0000000089a00000, 0x0000000089a00000|100%| E|CS|TAMS 0x0000000089900000| PB 0x0000000089900000| Complete 
| 122|0x0000000089a00000, 0x0000000089b00000, 0x0000000089b00000|100%| E|CS|TAMS 0x0000000089a00000| PB 0x0000000089a00000| Complete 
| 123|0x0000000089b00000, 0x0000000089c00000, 0x0000000089c00000|100%| E|  |TAMS 0x0000000089b00000| PB 0x0000000089b00000| Complete 
| 124|0x0000000089c00000, 0x0000000089d00000, 0x0000000089d00000|100%| E|CS|TAMS 0x0000000089c00000| PB 0x0000000089c00000| Complete 
| 125|0x0000000089d00000, 0x0000000089e00000, 0x0000000089e00000|100%| E|CS|TAMS 0x0000000089d00000| PB 0x0000000089d00000| Complete 

Card table byte_map: [0x0000021262ad0000,0x0000021262ec0000] _byte_map_base: 0x00000212626c0000

Marking Bits: (CMBitMap*) 0x000002124b2b22d0
 Bits: [0x0000021262ec0000, 0x0000021264e40000)

Polling page: 0x00000212491c0000

Metaspace:

Usage:
  Non-class:      7.08 MB used.
      Class:    496.04 KB used.
       Both:      7.56 MB used.

Virtual space:
  Non-class space:       64.00 MB reserved,       7.19 MB ( 11%) committed,  1 nodes.
      Class space:        1.00 GB reserved,     576.00 KB ( <1%) committed,  1 nodes.
             Both:        1.06 GB reserved,       7.75 MB ( <1%) committed. 

Chunk freelists:
   Non-Class:  8.42 MB
       Class:  15.45 MB
        Both:  23.87 MB

MaxMetaspaceSize: unlimited
CompressedClassSpaceSize: 1.00 GB
Initial GC threshold: 21.00 MB
Current GC threshold: 21.00 MB
CDS: on
 - commit_granule_bytes: 65536.
 - commit_granule_words: 8192.
 - virtual_space_node_default_size: 8388608.
 - enlarge_chunks_in_place: 1.
 - use_allocation_guard: 0.


Internal statistics:

num_allocs_failed_limit: 0.
num_arena_births: 98.
num_arena_deaths: 0.
num_vsnodes_births: 2.
num_vsnodes_deaths: 0.
num_space_committed: 122.
num_space_uncommitted: 0.
num_chunks_returned_to_freelist: 0.
num_chunks_taken_from_freelist: 224.
num_chunk_merges: 0.
num_chunk_splits: 168.
num_chunks_enlarged: 124.
num_inconsistent_stats: 0.

CodeHeap 'non-profiled nmethods': size=120000Kb used=342Kb max_used=342Kb free=119657Kb
 bounds [0x000002125b1b0000, 0x000002125b420000, 0x00000212626e0000]
CodeHeap 'profiled nmethods': size=120000Kb used=1511Kb max_used=1511Kb free=118488Kb
 bounds [0x00000212536e0000, 0x0000021253950000, 0x000002125ac10000]
CodeHeap 'non-nmethods': size=5760Kb used=2053Kb max_used=2085Kb free=3706Kb
 bounds [0x000002125ac10000, 0x000002125ae80000, 0x000002125b1b0000]
 total_blobs=1946 nmethods=965 adapters=886
 compilation: enabled
              stopped_count=0, restarted_count=0
 full_count=0

Compilation events (20 events):
Event: 2.572 Thread 0x0000021267310d30  947       3       java.lang.invoke.LambdaForm$MH/0x000002120108c400::invoke (35 bytes)
Event: 2.573 Thread 0x0000021267310d30 nmethod 947 0x0000021253858190 code [0x0000021253858380, 0x0000021253858968]
Event: 2.573 Thread 0x0000021267310d30  948       3       java.lang.invoke.DirectMethodHandle$Holder::getLong (28 bytes)
Event: 2.573 Thread 0x0000021267310d30 nmethod 948 0x0000021253858b10 code [0x0000021253858ce0, 0x0000021253859278]
Event: 2.573 Thread 0x0000021267310d30  955       3       org.lwjgl.system.CheckIntrinsics::checkIndex (6 bytes)
Event: 2.573 Thread 0x0000021267310d30 nmethod 955 0x0000021253859490 code [0x0000021253859640, 0x00000212538597d8]
Event: 2.582 Thread 0x0000021267304be0 nmethod 950 0x000002125b1fd910 code [0x000002125b1fdac0, 0x000002125b1fdea8]
Event: 2.583 Thread 0x0000021267304be0  957       4       java.lang.invoke.LambdaForm::prepare (108 bytes)
Event: 2.586 Thread 0x0000021267304be0 nmethod 957 0x000002125b1fe110 code [0x000002125b1fe2a0, 0x000002125b1fe3b0]
Event: 2.586 Thread 0x0000021267304be0  956   !   4       java.lang.ref.NativeReferenceQueue::poll (28 bytes)
Event: 2.592 Thread 0x0000021267304be0 nmethod 956 0x000002125b1fe490 code [0x000002125b1fe620, 0x000002125b1fe950]
Event: 2.592 Thread 0x0000021267304be0  962       4       java.lang.ref.SoftReference::get (29 bytes)
Event: 2.596 Thread 0x0000021267304be0 nmethod 962 0x000002125b1fea90 code [0x000002125b1fec20, 0x000002125b1fed38]
Event: 2.596 Thread 0x0000021267304be0  960       4       java.util.ImmutableCollections$List12::get (35 bytes)
Event: 2.599 Thread 0x0000021267304be0 nmethod 960 0x000002125b1fee10 code [0x000002125b1fef80, 0x000002125b1ff038]
Event: 2.599 Thread 0x0000021267304be0  963       4       java.lang.invoke.MethodType::hashCode (53 bytes)
Event: 2.611 Thread 0x0000021267304be0 nmethod 963 0x000002125b1ff110 code [0x000002125b1ff2c0, 0x000002125b1ff4f8]
Event: 2.612 Thread 0x0000021267304be0  964       4       java.lang.invoke.BoundMethodHandle::<init> (32 bytes)
Event: 2.621 Thread 0x0000021267310d30  967       3       java.util.Collections$SetFromMap::add (22 bytes)
Event: 2.621 Thread 0x0000021267310d30 nmethod 967 0x0000021253859910 code [0x0000021253859ac0, 0x0000021253859d10]

GC Heap History (2 events):
Event: 2.257 GC heap before
{Heap before GC invocations=0 (full 0):
 garbage-first heap   total 129024K, used 12288K [0x0000000082000000, 0x0000000100000000)
  region size 1024K, 13 young (13312K), 0 survivors (0K)
 Metaspace       used 6250K, committed 6464K, reserved 1114112K
  class space    used 442K, committed 512K, reserved 1048576K
}
Event: 2.266 GC heap after
{Heap after GC invocations=1 (full 0):
 garbage-first heap   total 129024K, used 2409K [0x0000000082000000, 0x0000000100000000)
  region size 1024K, 2 young (2048K), 2 survivors (2048K)
 Metaspace       used 6250K, committed 6464K, reserved 1114112K
  class space    used 442K, committed 512K, reserved 1048576K
}

Dll operation events (10 events):
Event: 0.013 Loaded shared library C:\Program Files\Java\jdk-21\bin\java.dll
Event: 0.015 Loaded shared library C:\Program Files\Java\jdk-21\bin\zip.dll
Event: 0.071 Loaded shared library C:\Program Files\Java\jdk-21\bin\jsvml.dll
Event: 0.401 Loaded shared library C:\Program Files\Java\jdk-21\bin\instrument.dll
Event: 0.564 Loaded shared library C:\Program Files\Java\jdk-21\bin\net.dll
Event: 0.566 Loaded shared library C:\Program Files\Java\jdk-21\bin\nio.dll
Event: 0.583 Loaded shared library C:\Program Files\Java\jdk-21\bin\zip.dll
Event: 0.665 Loaded shared library C:\Program Files\Java\jdk-21\bin\jimage.dll
Event: 0.795 Loaded shared library C:\Users\ruse\AppData\Local\Temp\lwjglruse\3.2.3-build-13\lwjgl.dll
Event: 1.673 Loaded shared library C:\Users\ruse\AppData\Local\Temp\lwjglruse\3.2.3-build-13\lwjgl_opengl.dll

Deoptimization events (20 events):
Event: 0.436 Thread 0x000002124b2587c0 DEOPT PACKING pc=0x000002125b1bf240 sp=0x0000002fe09fcc80
Event: 0.436 Thread 0x000002124b2587c0 DEOPT UNPACKING pc=0x000002125ac646a2 sp=0x0000002fe09fcc20 mode 2
Event: 0.496 Thread 0x000002124b2587c0 Uncommon trap: trap_request=0xffffff45 fr.pc=0x000002125b1b75f8 relative=0x00000000000000d8
Event: 0.496 Thread 0x000002124b2587c0 Uncommon trap: reason=unstable_if action=reinterpret pc=0x000002125b1b75f8 method=java.lang.String.isLatin1()Z @ 10 c2
Event: 0.496 Thread 0x000002124b2587c0 DEOPT PACKING pc=0x000002125b1b75f8 sp=0x0000002fe09fefb0
Event: 0.496 Thread 0x000002124b2587c0 DEOPT UNPACKING pc=0x000002125ac646a2 sp=0x0000002fe09fef00 mode 2
Event: 0.497 Thread 0x000002124b2587c0 Uncommon trap: trap_request=0xffffff45 fr.pc=0x000002125b1c5a90 relative=0x0000000000000550
Event: 0.498 Thread 0x000002124b2587c0 Uncommon trap: reason=unstable_if action=reinterpret pc=0x000002125b1c5a90 method=java.lang.StringLatin1.replace([BCC)Ljava/lang/String; @ 19 c2
Event: 0.498 Thread 0x000002124b2587c0 DEOPT PACKING pc=0x000002125b1c5a90 sp=0x0000002fe09ff2c0
Event: 0.498 Thread 0x000002124b2587c0 DEOPT UNPACKING pc=0x000002125ac646a2 sp=0x0000002fe09ff240 mode 2
Event: 0.697 Thread 0x000002124b2587c0 DEOPT PACKING pc=0x0000021253702873 sp=0x0000002fe09f90c0
Event: 0.697 Thread 0x000002124b2587c0 DEOPT UNPACKING pc=0x000002125ac64e42 sp=0x0000002fe09f84e0 mode 0
Event: 2.019 Thread 0x000002124b2587c0 Uncommon trap: trap_request=0xffffff3d fr.pc=0x000002125b1edc70 relative=0x0000000000000d50
Event: 2.019 Thread 0x000002124b2587c0 Uncommon trap: reason=unstable_fused_if action=reinterpret pc=0x000002125b1edc70 method=java.util.HashMap.resize()[Ljava/util/HashMap$Node; @ 31 c2
Event: 2.019 Thread 0x000002124b2587c0 DEOPT PACKING pc=0x000002125b1edc70 sp=0x0000002fe09fde10
Event: 2.020 Thread 0x000002124b2587c0 DEOPT UNPACKING pc=0x000002125ac646a2 sp=0x0000002fe09fdda8 mode 2
Event: 2.053 Thread 0x000002124b2587c0 Uncommon trap: trap_request=0xffffff45 fr.pc=0x000002125b1b7f70 relative=0x0000000000000070
Event: 2.053 Thread 0x000002124b2587c0 Uncommon trap: reason=unstable_if action=reinterpret pc=0x000002125b1b7f70 method=java.lang.String.isLatin1()Z @ 10 c2
Event: 2.053 Thread 0x000002124b2587c0 DEOPT PACKING pc=0x000002125b1b7f70 sp=0x0000002fe09fe9e0
Event: 2.053 Thread 0x000002124b2587c0 DEOPT UNPACKING pc=0x000002125ac646a2 sp=0x0000002fe09fe980 mode 2

Classes loaded (20 events):
Event: 2.452 Loading class org/lwjgl/opengl/INTELMapTexture
Event: 2.452 Loading class org/lwjgl/opengl/INTELMapTexture done
Event: 2.452 Loading class org/lwjgl/opengl/INTELPerformanceQuery
Event: 2.452 Loading class org/lwjgl/opengl/INTELPerformanceQuery done
Event: 2.454 Loading class org/lwjgl/opengl/KHRBlendEquationAdvanced
Event: 2.454 Loading class org/lwjgl/opengl/KHRBlendEquationAdvanced done
Event: 2.455 Loading class org/lwjgl/opengl/KHRDebug
Event: 2.455 Loading class org/lwjgl/opengl/KHRDebug done
Event: 2.458 Loading class org/lwjgl/opengl/NVConditionalRender
Event: 2.458 Loading class org/lwjgl/opengl/NVConditionalRender done
Event: 2.463 Loading class org/lwjgl/opengl/NVPrimitiveRestart
Event: 2.463 Loading class org/lwjgl/opengl/NVPrimitiveRestart done
Event: 2.478 Loading class jdk/internal/reflect/MethodHandleLongFieldAccessorImpl
Event: 2.478 Loading class jdk/internal/reflect/MethodHandleLongFieldAccessorImpl done
Event: 2.481 Loading class org/lwjgl/system/CheckIntrinsics
Event: 2.481 Loading class org/lwjgl/system/CheckIntrinsics done
Event: 2.620 Loading class org/lwjgl/system/MultiReleaseMemCopy
Event: 2.620 Loading class org/lwjgl/system/MultiReleaseMemCopy done
Event: 2.620 Loading class org/lwjgl/glfw/EventLoop$OnScreen
Event: 2.620 Loading class org/lwjgl/glfw/EventLoop$OnScreen done

Classes unloaded (0 events):
No events

Classes redefined (1 events):
Event: 0.449 Thread 0x00000212672db390 redefined class name=java.lang.Throwable, count=1

Internal exceptions (20 events):
Event: 0.749 Thread 0x000002124b2587c0 Exception <a 'java/lang/NoSuchMethodError'{0x0000000089756938}: 'void java.lang.invoke.DelegatingMethodHandle$Holder.delegate(java.lang.Object, java.lang.Object, int, java.lang.Object)'> (0x0000000089756938) 
thrown [s\open\src\hotspot\share\interpreter\linkResolver.cpp, line 773]
Event: 0.750 Thread 0x000002124b2587c0 Exception <a 'java/lang/NoSuchMethodError'{0x000000008975a5f8}: 'int java.lang.invoke.DirectMethodHandle$Holder.invokeSpecial(java.lang.Object, java.lang.Object, java.lang.Object)'> (0x000000008975a5f8) 
thrown [s\open\src\hotspot\share\interpreter\linkResolver.cpp, line 773]
Event: 0.758 Thread 0x000002124b2587c0 Exception <a 'java/lang/NoSuchMethodError'{0x0000000089776488}: 'void java.lang.System.loadLibrary(java.lang.String, java.lang.Class)'> (0x0000000089776488) 
thrown [s\open\src\hotspot\share\interpreter\linkResolver.cpp, line 773]
Event: 0.802 Thread 0x000002124b2587c0 Exception <a 'sun/nio/fs/WindowsException'{0x00000000897e4d80}> (0x00000000897e4d80) 
thrown [s\open\src\hotspot\share\prims\jni.cpp, line 520]
Event: 0.802 Thread 0x000002124b2587c0 Exception <a 'sun/nio/fs/WindowsException'{0x00000000897e63c8}> (0x00000000897e63c8) 
thrown [s\open\src\hotspot\share\prims\jni.cpp, line 520]
Event: 0.855 Thread 0x000002124b2587c0 Exception <a 'sun/nio/fs/WindowsException'{0x00000000896fcb20}> (0x00000000896fcb20) 
thrown [s\open\src\hotspot\share\prims\jni.cpp, line 520]
Event: 0.855 Thread 0x000002124b2587c0 Exception <a 'sun/nio/fs/WindowsException'{0x00000000896fcea0}> (0x00000000896fcea0) 
thrown [s\open\src\hotspot\share\prims\jni.cpp, line 520]
Event: 0.863 Thread 0x000002124b2587c0 Exception <a 'java/lang/NoSuchMethodError'{0x0000000089512e18}: 'int java.lang.invoke.Invokers$Holder.invokeExact_MT(java.lang.Object, java.lang.Object)'> (0x0000000089512e18) 
thrown [s\open\src\hotspot\share\interpreter\linkResolver.cpp, line 773]
Event: 1.628 Thread 0x000002124b2587c0 Exception <a 'java/lang/NoSuchMethodError'{0x000000008957bbb8}: 'void java.lang.invoke.DirectMethodHandle$Holder.invokeStaticInit(java.lang.Object, long, double, double)'> (0x000000008957bbb8) 
thrown [s\open\src\hotspot\share\interpreter\linkResolver.cpp, line 773]
Event: 1.639 Thread 0x000002124b2587c0 Exception <a 'java/lang/NoSuchMethodError'{0x000000008958a698}: 'void java.lang.invoke.DirectMethodHandle$Holder.invokeStaticInit(java.lang.Object, long, int, int, int)'> (0x000000008958a698) 
thrown [s\open\src\hotspot\share\interpreter\linkResolver.cpp, line 773]
Event: 1.648 Thread 0x000002124b2587c0 Exception <a 'java/lang/NoSuchMethodError'{0x00000000895a2078}: 'void java.lang.invoke.DirectMethodHandle$Holder.invokeStaticInit(java.lang.Object, long, int, int, int, int)'> (0x00000000895a2078) 
thrown [s\open\src\hotspot\share\interpreter\linkResolver.cpp, line 773]
Event: 1.651 Thread 0x000002124b2587c0 Exception <a 'java/lang/NoSuchMethodError'{0x00000000895ad570}: 'void java.lang.invoke.DirectMethodHandle$Holder.invokeStatic(java.lang.Object, long, int, int)'> (0x00000000895ad570) 
thrown [s\open\src\hotspot\share\interpreter\linkResolver.cpp, line 773]
Event: 1.658 Thread 0x000002124b2587c0 Exception <a 'java/lang/NoSuchMethodError'{0x00000000895d52a8}: 'void java.lang.System.load(java.lang.String, java.lang.Class)'> (0x00000000895d52a8) 
thrown [s\open\src\hotspot\share\interpreter\linkResolver.cpp, line 773]
Event: 1.660 Thread 0x000002124b2587c0 Exception <a 'java/lang/NoSuchMethodError'{0x00000000895d7c88}: 'void java.lang.System.loadLibrary(java.lang.String, java.lang.Class)'> (0x00000000895d7c88) 
thrown [s\open\src\hotspot\share\interpreter\linkResolver.cpp, line 773]
Event: 1.670 Thread 0x000002124b2587c0 Exception <a 'sun/nio/fs/WindowsException'{0x00000000895e72c0}> (0x00000000895e72c0) 
thrown [s\open\src\hotspot\share\prims\jni.cpp, line 520]
Event: 1.670 Thread 0x000002124b2587c0 Exception <a 'sun/nio/fs/WindowsException'{0x00000000895e7680}> (0x00000000895e7680) 
thrown [s\open\src\hotspot\share\prims\jni.cpp, line 520]
Event: 1.682 Thread 0x000002124b2587c0 Exception <a 'sun/nio/fs/WindowsException'{0x00000000895ee6b0}> (0x00000000895ee6b0) 
thrown [s\open\src\hotspot\share\prims\jni.cpp, line 520]
Event: 1.682 Thread 0x000002124b2587c0 Exception <a 'sun/nio/fs/WindowsException'{0x00000000895ee9a0}> (0x00000000895ee9a0) 
thrown [s\open\src\hotspot\share\prims\jni.cpp, line 520]
Event: 2.479 Thread 0x000002124b2587c0 Exception <a 'java/lang/NoSuchMethodError'{0x0000000089af5248}: 'long java.lang.invoke.DelegatingMethodHandle$Holder.reinvoke_L(java.lang.Object, java.lang.Object)'> (0x0000000089af5248) 
thrown [s\open\src\hotspot\share\interpreter\linkResolver.cpp, line 773]
Event: 2.480 Thread 0x000002124b2587c0 Exception <a 'java/lang/NoSuchMethodError'{0x0000000089afb610}: 'long java.lang.invoke.Invokers$Holder.invokeExact_MT(java.lang.Object, java.lang.Object, java.lang.Object)'> (0x0000000089afb610) 
thrown [s\open\src\hotspot\share\interpreter\linkResolver.cpp, line 773]

ZGC Phase Switch (0 events):
No events

VM Operations (12 events):
Event: 0.392 Executing VM operation: ChangeBreakpoints
Event: 0.392 Executing VM operation: ChangeBreakpoints done
Event: 0.396 Executing VM operation: ChangeBreakpoints
Event: 0.396 Executing VM operation: ChangeBreakpoints done
Event: 0.449 Executing VM operation: RedefineClasses
Event: 0.450 Executing VM operation: RedefineClasses done
Event: 0.480 Executing VM operation: get/set locals
Event: 0.480 Executing VM operation: get/set locals done
Event: 1.488 Executing VM operation: Cleanup
Event: 1.488 Executing VM operation: Cleanup done
Event: 2.256 Executing VM operation: G1CollectForAllocation (G1 Evacuation Pause)
Event: 2.267 Executing VM operation: G1CollectForAllocation (G1 Evacuation Pause) done

Events (16 events):
Event: 0.042 Thread 0x000002124b2587c0 Thread added: 0x000002124b2587c0
Event: 0.067 Thread 0x00000212672f6d90 Thread added: 0x00000212672f6d90
Event: 0.067 Thread 0x00000212672fa9b0 Thread added: 0x00000212672fa9b0
Event: 0.068 Thread 0x00000212672fd5d0 Thread added: 0x00000212672fd5d0
Event: 0.068 Thread 0x00000212672fe020 Thread added: 0x00000212672fe020
Event: 0.068 Thread 0x00000212672fec20 Thread added: 0x00000212672fec20
Event: 0.068 Thread 0x00000212672ff820 Thread added: 0x00000212672ff820
Event: 0.069 Thread 0x0000021267304be0 Thread added: 0x0000021267304be0
Event: 0.069 Thread 0x0000021267310d30 Thread added: 0x0000021267310d30
Event: 0.139 Thread 0x00000212672c76e0 Thread added: 0x00000212672c76e0
Event: 0.170 Thread 0x000002126762d7b0 Thread added: 0x000002126762d7b0
Event: 0.179 Thread 0x00000212676e5780 Thread added: 0x00000212676e5780
Event: 0.180 Thread 0x00000212676e5e00 Thread added: 0x00000212676e5e00
Event: 0.181 Thread 0x00000212676e6480 Thread added: 0x00000212676e6480
Event: 0.376 Thread 0x000002126762d7b0 Thread exited: 0x000002126762d7b0
Event: 0.493 Thread 0x000002126786c4b0 Thread added: 0x000002126786c4b0


Dynamic libraries:
0x00007ff76b750000 - 0x00007ff76b760000 	C:\Program Files\Java\jdk-21\bin\java.exe
0x00007ff8fcff0000 - 0x00007ff8fd1e8000 	C:\Windows\SYSTEM32\ntdll.dll
0x00007ff8fb830000 - 0x00007ff8fb8f2000 	C:\Windows\System32\KERNEL32.DLL
0x00007ff8fa890000 - 0x00007ff8fab8e000 	C:\Windows\System32\KERNELBASE.dll
0x00007ff8facb0000 - 0x00007ff8fadb0000 	C:\Windows\System32\ucrtbase.dll
0x00007ff8ece70000 - 0x00007ff8ece89000 	C:\Program Files\Java\jdk-21\bin\jli.dll
0x00007ff8e6210000 - 0x00007ff8e622b000 	C:\Program Files\Java\jdk-21\bin\VCRUNTIME140.dll
0x00007ff8fb390000 - 0x00007ff8fb441000 	C:\Windows\System32\ADVAPI32.dll
0x00007ff8fb190000 - 0x00007ff8fb22e000 	C:\Windows\System32\msvcrt.dll
0x00007ff8fc9b0000 - 0x00007ff8fca4f000 	C:\Windows\System32\sechost.dll
0x00007ff8fbc30000 - 0x00007ff8fbd53000 	C:\Windows\System32\RPCRT4.dll
0x00007ff8faeb0000 - 0x00007ff8faed7000 	C:\Windows\System32\bcrypt.dll
0x00007ff8fbd60000 - 0x00007ff8fbefd000 	C:\Windows\System32\USER32.dll
0x00007ff8e3860000 - 0x00007ff8e3afa000 	C:\Windows\WinSxS\amd64_microsoft.windows.common-controls_6595b64144ccf1df_6.0.19041.4355_none_60b8b9eb71f62e16\COMCTL32.dll
0x00007ff8fb2a0000 - 0x00007ff8fb2cb000 	C:\Windows\System32\GDI32.dll
0x00007ff8faf50000 - 0x00007ff8faf72000 	C:\Windows\System32\win32u.dll
0x00007ff8fab90000 - 0x00007ff8faca7000 	C:\Windows\System32\gdi32full.dll
0x00007ff8fa690000 - 0x00007ff8fa72d000 	C:\Windows\System32\msvcp_win.dll
0x00007ff8f38b0000 - 0x00007ff8f38ba000 	C:\Windows\SYSTEM32\VERSION.dll
0x00007ff8fc980000 - 0x00007ff8fc9af000 	C:\Windows\System32\IMM32.DLL
0x00007ff8f1fb0000 - 0x00007ff8f1fbc000 	C:\Program Files\Java\jdk-21\bin\vcruntime140_1.dll
0x00007ff8ddb10000 - 0x00007ff8ddb9e000 	C:\Program Files\Java\jdk-21\bin\msvcp140.dll
0x00007ff89ed30000 - 0x00007ff89fa48000 	C:\Program Files\Java\jdk-21\bin\server\jvm.dll
0x00007ff8fb230000 - 0x00007ff8fb29b000 	C:\Windows\System32\WS2_32.dll
0x00007ff8fa4f0000 - 0x00007ff8fa53b000 	C:\Windows\SYSTEM32\POWRPROF.dll
0x00007ff8efc20000 - 0x00007ff8efc47000 	C:\Windows\SYSTEM32\WINMM.dll
0x00007ff8fa4d0000 - 0x00007ff8fa4e2000 	C:\Windows\SYSTEM32\UMPDC.dll
0x00007ff8f84d0000 - 0x00007ff8f84e2000 	C:\Windows\SYSTEM32\kernel.appcore.dll
0x00007ff8ed8f0000 - 0x00007ff8ed8fa000 	C:\Program Files\Java\jdk-21\bin\jimage.dll
0x00007ff8e5f10000 - 0x00007ff8e60f4000 	C:\Windows\SYSTEM32\DBGHELP.DLL
0x00007ff8e5ed0000 - 0x00007ff8e5f04000 	C:\Windows\SYSTEM32\dbgcore.DLL
0x00007ff8faf80000 - 0x00007ff8fb002000 	C:\Windows\System32\bcryptPrimitives.dll
0x00007ff8f2fb0000 - 0x00007ff8f2fec000 	C:\Program Files\Java\jdk-21\bin\jdwp.dll
0x00007ff8eced0000 - 0x00007ff8ecedf000 	C:\Program Files\Java\jdk-21\bin\instrument.dll
0x00007ff8e5530000 - 0x00007ff8e554f000 	C:\Program Files\Java\jdk-21\bin\java.dll
0x00007ff8dedb0000 - 0x00007ff8dedc8000 	C:\Program Files\Java\jdk-21\bin\zip.dll
0x00007ff8fbf00000 - 0x00007ff8fc66d000 	C:\Windows\System32\SHELL32.dll
0x00007ff8f86d0000 - 0x00007ff8f8e74000 	C:\Windows\SYSTEM32\windows.storage.dll
0x00007ff8fb450000 - 0x00007ff8fb7a3000 	C:\Windows\System32\combase.dll
0x00007ff8f9ff0000 - 0x00007ff8fa01e000 	C:\Windows\SYSTEM32\Wldp.dll
0x00007ff8fb900000 - 0x00007ff8fb9cd000 	C:\Windows\System32\OLEAUT32.dll
0x00007ff8fb0c0000 - 0x00007ff8fb16d000 	C:\Windows\System32\SHCORE.dll
0x00007ff8fb2d0000 - 0x00007ff8fb325000 	C:\Windows\System32\shlwapi.dll
0x00007ff8fa5c0000 - 0x00007ff8fa5e4000 	C:\Windows\SYSTEM32\profapi.dll
0x00007ff8d03b0000 - 0x00007ff8d0487000 	C:\Program Files\Java\jdk-21\bin\jsvml.dll
0x00007ff8f31a0000 - 0x00007ff8f31ac000 	C:\Program Files\Java\jdk-21\bin\dt_socket.dll
0x00007ff8f9a10000 - 0x00007ff8f9a4b000 	C:\Windows\SYSTEM32\IPHLPAPI.DLL
0x00007ff8f9d50000 - 0x00007ff8f9dba000 	C:\Windows\system32\mswsock.dll
0x00007ff8e1c90000 - 0x00007ff8e1ca0000 	C:\Program Files\Java\jdk-21\bin\net.dll
0x00007ff8f27b0000 - 0x00007ff8f28bd000 	C:\Windows\SYSTEM32\WINHTTP.dll
0x00007ff8ded90000 - 0x00007ff8deda6000 	C:\Program Files\Java\jdk-21\bin\nio.dll
0x00007ff8d02d0000 - 0x00007ff8d0334000 	C:\Users\ruse\AppData\Local\Temp\lwjglruse\3.2.3-build-13\lwjgl.dll
0x00007ff8d00c0000 - 0x00007ff8d0122000 	C:\Users\ruse\AppData\Local\Temp\lwjglruse\3.2.3-build-13\glfw.dll
0x00007ff8f7fe0000 - 0x00007ff8f807e000 	C:\Windows\system32\uxtheme.dll
0x00007ff8db3c0000 - 0x00007ff8db405000 	C:\Windows\SYSTEM32\dinput8.dll
0x00007ff8dde50000 - 0x00007ff8dde61000 	C:\Windows\SYSTEM32\xinput1_4.dll
0x00007ff8fae60000 - 0x00007ff8faeae000 	C:\Windows\System32\cfgmgr32.dll
0x00007ff8fa350000 - 0x00007ff8fa383000 	C:\Windows\SYSTEM32\DEVOBJ.dll
0x00007ff8f81d0000 - 0x00007ff8f81ff000 	C:\Windows\SYSTEM32\dwmapi.dll
0x00007ff8e0560000 - 0x00007ff8e06b2000 	C:\Windows\SYSTEM32\inputhost.dll
0x00007ff8f7a20000 - 0x00007ff8f7b12000 	C:\Windows\SYSTEM32\CoreMessaging.dll
0x00007ff8f5f90000 - 0x00007ff8f6086000 	C:\Windows\SYSTEM32\PROPSYS.dll
0x00007ff8f75c0000 - 0x00007ff8f791b000 	C:\Windows\SYSTEM32\CoreUIComponents.dll
0x00007ff8f6ef0000 - 0x00007ff8f7047000 	C:\Windows\SYSTEM32\wintypes.dll
0x00007ff8f9890000 - 0x00007ff8f98c3000 	C:\Windows\SYSTEM32\ntmarta.dll
0x00007ff8fb9d0000 - 0x00007ff8fbae5000 	C:\Windows\System32\MSCTF.dll
0x00007ff8f8e80000 - 0x00007ff8f8e8d000 	C:\Windows\SYSTEM32\HID.DLL
0x00007ff8fcb40000 - 0x00007ff8fcfae000 	C:\Windows\System32\SETUPAPI.DLL
0x00007ff8faee0000 - 0x00007ff8faf49000 	C:\Windows\System32\WINTRUST.dll
0x00007ff8fa730000 - 0x00007ff8fa88c000 	C:\Windows\System32\CRYPT32.dll
0x00007ff8fa180000 - 0x00007ff8fa192000 	C:\Windows\SYSTEM32\MSASN1.dll
0x00007ff8e09e0000 - 0x00007ff8e0b08000 	C:\Windows\SYSTEM32\opengl32.dll
0x00007ff8f3310000 - 0x00007ff8f333c000 	C:\Windows\SYSTEM32\GLU32.dll
0x00007ff8fb010000 - 0x00007ff8fb0b9000 	C:\Windows\System32\clbcatq.dll
0x00007ff89fe70000 - 0x00007ff8a0bc9000 	C:\Windows\System32\DriverStore\FileRepository\igdlh64.inf_amd64_aa3a0bcfbcf24a1b\ig9icd64.dll
0x00007ff8f60c0000 - 0x00007ff8f60d4000 	C:\Windows\SYSTEM32\WTSAPI32.dll
0x00007ff8f1f70000 - 0x00007ff8f1fab000 	C:\Windows\SYSTEM32\dxcore.dll
0x00007ff8ede30000 - 0x00007ff8eef8f000 	C:\Windows\System32\DriverStore\FileRepository\igdlh64.inf_amd64_aa3a0bcfbcf24a1b\igc64.dll
0x00007ff8f8ee0000 - 0x00007ff8f8fd6000 	C:\Windows\SYSTEM32\dxgi.dll
0x00007ff8f6570000 - 0x00007ff8f67d3000 	C:\Windows\SYSTEM32\d3d11.dll
0x00007ff8f01d0000 - 0x00007ff8f1915000 	C:\Windows\System32\DriverStore\FileRepository\igdlh64.inf_amd64_aa3a0bcfbcf24a1b\igd10iumd64.dll
0x00007ff8fa060000 - 0x00007ff8fa087000 	C:\Windows\SYSTEM32\ncrypt.dll
0x00007ff8f7c30000 - 0x00007ff8f7cc4000 	C:\Windows\SYSTEM32\apphelp.dll
0x00007ff8fa020000 - 0x00007ff8fa05b000 	C:\Windows\SYSTEM32\NTASN1.dll
0x00007ff8cf370000 - 0x00007ff8cf3c9000 	C:\Users\ruse\AppData\Local\Temp\lwjglruse\3.2.3-build-13\lwjgl_opengl.dll

dbghelp: loaded successfully - version: 4.0.5 - missing functions: none
symbol engine: initialized successfully - sym options: 0x614 - pdb path: .;C:\Program Files\Java\jdk-21\bin;C:\Windows\SYSTEM32;C:\Windows\WinSxS\amd64_microsoft.windows.common-controls_6595b64144ccf1df_6.0.19041.4355_none_60b8b9eb71f62e16;C:\Program Files\Java\jdk-21\bin\server;C:\Users\ruse\AppData\Local\Temp\lwjglruse\3.2.3-build-13;C:\Windows\System32\DriverStore\FileRepository\igdlh64.inf_amd64_aa3a0bcfbcf24a1b

VM Arguments:
jvm_args: -Ddebugger.agent.enable.coroutines=true -Dkotlinx.coroutines.debug.enable.creation.stack.trace=false -Dkotlinx.coroutines.debug.enable.flows.stack.trace=true -Dkotlinx.coroutines.debug.enable.mutable.state.flows.stack.trace=true -agentlib:jdwp=transport=dt_socket,server=n,suspend=y,address=127.0.0.1:51416 -javaagent:C:\Users\ruse\AppData\Local\JetBrains\IdeaIC2024.3\captureAgent\debugger-agent.jar -Dfile.encoding=UTF-8 -Duser.country=US -Duser.language=en -Duser.variant 
java_command: pack.Main
java_class_path (initial): Q:\myWorking\this.java\Games\RX-0\build\classes\java\main;Q:\myWorking\this.java\Games\RX-0\build\resources\main;Q:\myWorking\this.java\Games\RX-0\libs\jbox2d-library.jar;C:\Users\ruse\.gradle\caches\modules-2\files-2.1\com.google.code.gson\gson\2.8.6\9180733b7df8542621dc12e21e87557e8c99b8cb\gson-2.8.6.jar;C:\Users\ruse\.gradle\caches\modules-2\files-2.1\io.github.spair\imgui-java-app\1.81.0\37a0be053a63da53c3628b3d6186ccbd380f7106\imgui-java-app-1.81.0.jar;C:\Users\ruse\.gradle\caches\modules-2\files-2.1\io.github.spair\imgui-java-lwjgl3\1.81.0\6c92680fc6e9951532445ecc35b44f2d4cd82d76\imgui-java-lwjgl3-1.81.0.jar;C:\Users\ruse\.gradle\caches\modules-2\files-2.1\org.lwjgl\lwjgl-assimp\3.2.3\f62aa07a20afbdd3097efc296c4841e0d29700eb\lwjgl-assimp-3.2.3.jar;C:\Users\ruse\.gradle\caches\modules-2\files-2.1\org.lwjgl\lwjgl-assimp\3.2.3\4e60aeb75f0343c4a9ede4ef8b6b32ca702a00a3\lwjgl-assimp-3.2.3-natives-windows.jar;C:\Users\ruse\.gradle\caches\modules-2\files-2.1\org.lwjgl\lwjgl-glfw\3.2.3\5e520d5c290c8b012545a8d34fa5db5ab051ea53\lwjgl-glfw-3.2.3.jar;C:\Users\ruse\.gradle\caches\modules-2\files-2.1\org.lwjgl\lwjgl-glfw\3.2.3\b4d8a3477cdc2edcf7a5f1e822926be846223f54\lwjgl-glfw-3.2.3-natives-windows.jar;C:\Users\ruse\.gradle\caches\modules-2\files-2.1\org.lwjgl\lwjgl-glfw\3.2.3\62b044d9b0a057444bef2ab70b9afc288ec09dba\lwjgl-glfw-3.2.3-natives-linux.jar;C:\Users\ruse\.gradle\caches\modules-2\files-2.1\org.lwjgl\lwjgl-glfw\3.2.3\58661272eacb9116336c88b4aadccf1f17c09b\lwjgl-glfw-3.2.3-natives-macos.jar;C:\Users\ruse\.gradle\caches\modules-2\files-2.1\org.lwjgl\lwjgl-nfd\3.2.3\c44fee1043c022cf6614a28872d44cf114ca7737\lwjgl-nfd-3.2.3.jar;C:\Users\ruse\.gradle\caches\modules-2\files-2.1\org.lwjgl\lwjgl-nfd\3.2.3\32782f5f5c57769efb82af864e70b819c77bc891\lwjgl-nfd-3.2.3-natives-windows.jar;C:\Users\ruse\.gradle\caches\modules-2\files-2.1\org.lwjgl\lwjgl-openal\3.2.3\106742e805803ab9eab8e343f0fb31a3d263903c\lwjgl-openal-3.2.3.jar;C:\Users\ruse\.gradle\caches\modules-2\files-2.1\org.lwjgl\lwjgl-openal\3.2.3\ec898e8ce11b5886f4f532a1536283ef2817758d\lwjgl-openal-3.2.3-natives-windows.jar;C:\Users\ruse\.gradle\caches\modules-2\files-2.1\org.lwjgl\lwjgl-opengl\3.2.3\bdd534a323d0c8f54969b95e424b6ac8984f7d6e\lwjgl-opengl-3.2.3.jar;C:\Users\ruse\.gradle\caches\modules-2\files-2.1\org.lwjgl\lwjgl-opengl\3.2.3\e81cfc73ec8708e5e791ed770e4ec3edfc1bbab1\lwjgl-opengl-3.2.3-natives-windows.jar;C:\Users\ruse\.gradle\caches\modules-2\files-2.1\org.lwjgl\lwjgl-opengl\3.2.3\7f14db5da9aa7951efe88993f519d7d38ad6e46b\lwjgl-opengl-3.2.3-natives-linux.jar;C:\Users\ruse\.gradle\caches\modules-2\files-2.1\org.lwjgl\lwjgl-opengl\3.2.3\efa3326c11336d3e74c9c8aeceb2420328d28e6b\lwjgl-opengl-3.2.3-natives-macos.jar;C:\Users\ruse\.gradle\caches\modules-2\files-2.1\org.lwjgl\lwjgl-stb\3.2.3\40eccaa4fa86fc815f2e17946a392fb5fdcc286a\lwjgl-stb-3.2.3.jar;C:\Users\ruse\.gradle\caches\modules-2\files-2.1\org.lwjgl\lwjgl-stb\3.2.3\817b21ec286f0ba3dcedb56a3bd275e6a9345be9\lwjgl-stb-3.2.3-natives-windows.jar;C:\Users\ruse\.gradle\caches\modules-2\files-2.1\org.lwjgl\lwjgl\3.2.3\17a59ba0fe8d474ec9dbe0d5db40d2cfe59c4c08\lwjgl-3.2.3.jar;C:\Users\ruse\.gradle\caches\modules-2\files-2.1\org.lwjgl\lwjgl\3.2.3\27f32cd35349684745951e04388e8e00d681cdcd\lwjgl-3.2.3-natives-windows.jar;C:\Users\ruse\.gradle\caches\modules-2\files-2.1\org.lwjgl\lwjgl\3.2.3\3d9d36c93446c7a1c90bc7aec8fa89c7988bf82b\lwjgl-3.2.3-natives-linux.jar;C:\Users\ruse\.gradle\caches\modules-2\files-2.1\org.lwjgl\lwjgl\3.2.3\35f506c5d368017a3cc5590da3d6d3a0760fb606\lwjgl-3.2.3-natives-macos.jar;C:\Users\ruse\.gradle\caches\modules-2\files-2.1\org.joml\joml\1.9.23\2fe75c084b2c8b82dbf7106f46b9cdc444785acf\joml-1.9.23.jar;C:\Users\ruse\.gradle\caches\modules-2\files-2.1\org.projectlombok\lombok\1.18.30\f195ee86e6c896ea47a1d39defbe20eb59cd149d\lombok-1.18.30.jar;C:\Users\ruse\.gradle\caches\modules-2\files-2.1\io.github.spair\imgui-java-binding\1.81.0\aa24c1101600b47d2f562ad3c8987b14e79e5d0d\imgui-java-binding-1.81.0.jar
Launcher Type: SUN_STANDARD

[Global flags]
     intx CICompilerCount                          = 3                                         {product} {ergonomic}
     uint ConcGCThreads                            = 1                                         {product} {ergonomic}
     uint G1ConcRefinementThreads                  = 4                                         {product} {ergonomic}
   size_t G1HeapRegionSize                         = 1048576                                   {product} {ergonomic}
    uintx GCDrainStackTargetSize                   = 64                                        {product} {ergonomic}
   size_t InitialHeapSize                          = 132120576                                 {product} {ergonomic}
   size_t MarkStackSize                            = 4194304                                   {product} {ergonomic}
   size_t MaxHeapSize                              = 2113929216                                {product} {ergonomic}
   size_t MaxNewSize                               = 1267728384                                {product} {ergonomic}
   size_t MinHeapDeltaBytes                        = 1048576                                   {product} {ergonomic}
   size_t MinHeapSize                              = 8388608                                   {product} {ergonomic}
    uintx NonNMethodCodeHeapSize                   = 5832780                                {pd product} {ergonomic}
    uintx NonProfiledCodeHeapSize                  = 122912730                              {pd product} {ergonomic}
    uintx ProfiledCodeHeapSize                     = 122912730                              {pd product} {ergonomic}
    uintx ReservedCodeCacheSize                    = 251658240                              {pd product} {ergonomic}
     bool SegmentedCodeCache                       = true                                      {product} {ergonomic}
   size_t SoftMaxHeapSize                          = 2113929216                             {manageable} {ergonomic}
     bool UseCompressedOops                        = true                           {product lp64_product} {ergonomic}
     bool UseG1GC                                  = true                                      {product} {ergonomic}
     bool UseLargePagesIndividualAllocation        = false                                  {pd product} {ergonomic}

Logging:
Log output configuration:
 #0: stdout all=warning uptime,level,tags foldmultilines=false
 #1: stderr all=off uptime,level,tags foldmultilines=false

Environment Variables:
JAVA_HOME=C:\Program Files\Java\jdk-21
PATH=C:\Program Files\Common Files\Oracle\Java\javapath;C:\Program Files (x86)\Common Files\Oracle\Java\java8path;C:\Program Files (x86)\Common Files\Oracle\Java\javapath;C:\Windows\system32;C:\Windows;C:\Windows\System32\Wbem;C:\Windows\System32\WindowsPowerShell\v1.0\;C:\Windows\System32\OpenSSH\;C:\Program Files\Git\cmd;C:\Program Files\nodejs\;C:\Program Files\dotnet\;C:\msys64\mingw64\bin;C:\Program Files\Microsoft SQL Server\150\Tools\Binn\;C:\Program Files\Microsoft SQL Server\Client SDK\ODBC\170\Tools\Binn\;C:\Program Files (x86)\Windows Kits\10\Windows Performance Toolkit\;C:\Program Files\Docker\Docker\resources\bin;C:\Users\ruse\.jdks\jdk-21_windows-x64_bin\bin;C:\Program Files (x86)\Common Files\Oracle\Java\java8path;C:\Program Files (x86)\Common Files\Oracle\Java\javapath;C:\Windows\system32;C:\Windows;C:\Windows\System32\Wbem;C:\Windows\System32\WindowsPowerShell\v1.0\;C:\Windows\System32\OpenSSH\;C:\Program Files\Git\cmd;C:\Program Files\nodejs\;C:\Program Files\dotnet\;C:\msys64\mingw64\bin;C:\Program Files\Microsoft SQL Server\150\Tools\Binn\;C:\Program Files\Microsoft SQL Server\Client SDK\ODBC\170\Tools\Binn\;C:\Program Files (x86)\Windows Kits\10\Windows Performance Toolkit\;C:\Program Files\Docker\Docker\resources\bin;C:\Users\ruse\.jdks\jdk-21_windows-x64_bin\bin;C:\Program Files (x86)\Common Files\Oracle\Java\java8path;C:\Program Files (x86)\Common Files\Oracle\Java\javapath;C:\Windows\system32;C:\Windows;C:\Windows\System32\Wbem;C:\Windows\System32\WindowsPowerShell\v1.0\;C:\Windows\System32\OpenSSH\;C:\Program Files\Git\cmd;C:\Program Files\nodejs\;C:\Program Files\dotnet\;C:\msys64\mingw64\bin;C:\Program ;C:\Users\ruse\AppData\Local\Docker Labs Debug Tools\bin
USERNAME=ruse
OS=Windows_NT
PROCESSOR_IDENTIFIER=Intel64 Family 6 Model 78 Stepping 3, GenuineIntel
TMP=C:\Users\ruse\AppData\Local\Temp
TEMP=C:\Users\ruse\AppData\Local\Temp




Periodic native trim disabled

---------------  S Y S T E M  ---------------

OS:
 Windows 10 , 64 bit Build 19041 (10.0.19041.5198)
OS uptime: 2 days 12:44 hours
Hyper-V role detected

CPU: total 4 (initial active 4) (2 cores per cpu, 2 threads per core) family 6 model 78 stepping 3 microcode 0xcc, cx8, cmov, fxsr, ht, mmx, 3dnowpref, sse, sse2, sse3, ssse3, sse4.1, sse4.2, popcnt, lzcnt, tsc, tscinvbit, avx, avx2, aes, erms, clmul, bmi1, bmi2, adx, fma, vzeroupper, clflush, clflushopt, hv, rdtscp, f16c
Processor Information for all 4 processors :
  Max Mhz: 2601, Current Mhz: 2600, Mhz Limit: 2574

Memory: 4k page, system-wide physical 8058M (962M free)
TotalPageFile size 12922M (AvailPageFile size 3331M)
current process WorkingSet (physical memory assigned to process): 118M, peak: 119M
current process commit charge ("private bytes"): 254M, peak: 255M

vm_info: Java HotSpot(TM) 64-Bit Server VM (21.0.5+9-LTS-239) for windows-amd64 JRE (21.0.5+9-LTS-239), built on 2024-09-30T05:17:38Z by "mach5one" with MS VC++ 17.6 (VS2022)

END.
